[0.015s] Invoking command in '/home/usuario/Descargas/pymav/build/pymav': CMAKE_PREFIX_PATH=${CMAKE_PREFIX_PATH}:/opt/ros/humble /usr/bin/cmake --build /home/usuario/Descargas/pymav/build/pymav -- -j6 -l6
[0.042s] -- Found ament_cmake: 1.3.11 (/opt/ros/humble/share/ament_cmake/cmake)
[0.148s] -- Found rclpy: 3.3.15 (/opt/ros/humble/share/rclpy/cmake)
[0.149s] -- Found geometry_msgs: 4.2.4 (/opt/ros/humble/share/geometry_msgs/cmake)
[0.189s] -- Found rosidl_generator_c: 3.1.6 (/opt/ros/humble/share/rosidl_generator_c/cmake)
[0.194s] -- Found rosidl_adapter: 3.1.6 (/opt/ros/humble/share/rosidl_adapter/cmake)
[0.202s] -- Found rosidl_generator_cpp: 3.1.6 (/opt/ros/humble/share/rosidl_generator_cpp/cmake)
[0.212s] -- Using all available rosidl_typesupport_c: rosidl_typesupport_fastrtps_c;rosidl_typesupport_introspection_c
[0.226s] -- Using all available rosidl_typesupport_cpp: rosidl_typesupport_fastrtps_cpp;rosidl_typesupport_introspection_cpp
[0.256s] -- Found ament_lint_auto: 0.12.11 (/opt/ros/humble/share/ament_lint_auto/cmake)
[0.330s] -- Added test 'cppcheck' to perform static code analysis on C / C++ code
[0.330s] -- Configured cppcheck include dirs: 
[0.330s] -- Configured cppcheck exclude dirs and/or files: 
[0.331s] -- Added test 'flake8' to check Python code syntax and style conventions
[0.334s] -- Added test 'lint_cmake' to check CMake code style
[0.335s] -- Added test 'pep257' to check Python code against some of the docstring style conventions in PEP 257
[0.346s] -- Added test 'uncrustify' to check C / C++ code style
[0.346s] -- Configured uncrustify additional arguments: 
[0.347s] -- Added test 'xmllint' to check XML markup files
[0.350s] -- Configuring done
[0.360s] -- Generating done
[0.366s] -- Build files have been written to: /home/usuario/Descargas/pymav/build/pymav
[0.391s] Invoked command in '/home/usuario/Descargas/pymav/build/pymav' returned '0': CMAKE_PREFIX_PATH=${CMAKE_PREFIX_PATH}:/opt/ros/humble /usr/bin/cmake --build /home/usuario/Descargas/pymav/build/pymav -- -j6 -l6
[0.402s] Invoking command in '/home/usuario/Descargas/pymav/build/pymav': CMAKE_PREFIX_PATH=${CMAKE_PREFIX_PATH}:/opt/ros/humble /usr/bin/cmake --install /home/usuario/Descargas/pymav/build/pymav
[0.410s] -- Install configuration: ""
[0.410s] -- Installing: /home/usuario/Descargas/pymav/install/pymav/lib/pymav/mission_control_node.py
[0.411s] -- Installing: /home/usuario/Descargas/pymav/install/pymav/lib/pymav/battery_gps_node.py
[0.412s] -- Installing: /home/usuario/Descargas/pymav/install/pymav/share/ament_index/resource_index/package_run_dependencies/pymav
[0.413s] -- Installing: /home/usuario/Descargas/pymav/install/pymav/share/ament_index/resource_index/parent_prefix_path/pymav
[0.414s] -- Up-to-date: /home/usuario/Descargas/pymav/install/pymav/share/pymav/environment/ament_prefix_path.sh
[0.414s] -- Installing: /home/usuario/Descargas/pymav/install/pymav/share/pymav/environment/ament_prefix_path.dsv
[0.415s] -- Up-to-date: /home/usuario/Descargas/pymav/install/pymav/share/pymav/environment/path.sh
[0.415s] -- Installing: /home/usuario/Descargas/pymav/install/pymav/share/pymav/environment/path.dsv
[0.416s] -- Up-to-date: /home/usuario/Descargas/pymav/install/pymav/share/pymav/local_setup.bash
[0.416s] -- Up-to-date: /home/usuario/Descargas/pymav/install/pymav/share/pymav/local_setup.sh
[0.416s] -- Up-to-date: /home/usuario/Descargas/pymav/install/pymav/share/pymav/local_setup.zsh
[0.416s] -- Installing: /home/usuario/Descargas/pymav/install/pymav/share/pymav/local_setup.dsv
[0.417s] -- Installing: /home/usuario/Descargas/pymav/install/pymav/share/pymav/package.dsv
[0.418s] -- Up-to-date: /home/usuario/Descargas/pymav/install/pymav/share/ament_index/resource_index/packages/pymav
[0.418s] -- Up-to-date: /home/usuario/Descargas/pymav/install/pymav/share/pymav/cmake/pymavConfig.cmake
[0.418s] -- Up-to-date: /home/usuario/Descargas/pymav/install/pymav/share/pymav/cmake/pymavConfig-version.cmake
[0.418s] -- Installing: /home/usuario/Descargas/pymav/install/pymav/share/pymav/package.xml
[0.420s] Invoked command in '/home/usuario/Descargas/pymav/build/pymav' returned '0': CMAKE_PREFIX_PATH=${CMAKE_PREFIX_PATH}:/opt/ros/humble /usr/bin/cmake --install /home/usuario/Descargas/pymav/build/pymav
