[0.010s] Invoking command in '/home/usuario/Documentos/GitHub/pymav/build/pymav': CMAKE_PREFIX_PATH=/opt/ros/humble /usr/bin/cmake /home/usuario/Documentos/GitHub/pymav -DCMAKE_INSTALL_PREFIX=/home/usuario/Documentos/GitHub/pymav/install/pymav
[0.029s] -- Found ament_cmake: 1.3.11 (/opt/ros/humble/share/ament_cmake/cmake)
[0.380s] -- Found Python3: /usr/bin/python3 (found version "3.10.12") found components: Interpreter 
[0.475s] -- Found rclpy: 3.3.15 (/opt/ros/humble/share/rclpy/cmake)
[0.477s] -- Found geometry_msgs: 4.2.4 (/opt/ros/humble/share/geometry_msgs/cmake)
[0.532s] -- Found rosidl_generator_c: 3.1.6 (/opt/ros/humble/share/rosidl_generator_c/cmake)
[0.539s] -- Found rosidl_adapter: 3.1.6 (/opt/ros/humble/share/rosidl_adapter/cmake)
[0.550s] -- Found rosidl_generator_cpp: 3.1.6 (/opt/ros/humble/share/rosidl_generator_cpp/cmake)
[0.566s] -- Using all available rosidl_typesupport_c: rosidl_typesupport_fastrtps_c;rosidl_typesupport_introspection_c
[0.585s] -- Using all available rosidl_typesupport_cpp: rosidl_typesupport_fastrtps_cpp;rosidl_typesupport_introspection_cpp
[0.629s] -- Found ament_lint_auto: 0.12.11 (/opt/ros/humble/share/ament_lint_auto/cmake)
[0.723s] -- Added test 'cppcheck' to perform static code analysis on C / C++ code
[0.723s] -- Configured cppcheck include dirs: 
[0.723s] -- Configured cppcheck exclude dirs and/or files: 
[0.725s] -- Added test 'flake8' to check Python code syntax and style conventions
[0.728s] -- Added test 'lint_cmake' to check CMake code style
[0.729s] -- Added test 'pep257' to check Python code against some of the docstring style conventions in PEP 257
[0.739s] -- Added test 'uncrustify' to check C / C++ code style
[0.739s] -- Configured uncrustify additional arguments: 
[0.741s] -- Added test 'xmllint' to check XML markup files
[0.745s] -- Configuring done
[0.750s] -- Generating done
[0.754s] -- Build files have been written to: /home/usuario/Documentos/GitHub/pymav/build/pymav
[0.759s] Invoked command in '/home/usuario/Documentos/GitHub/pymav/build/pymav' returned '0': CMAKE_PREFIX_PATH=/opt/ros/humble /usr/bin/cmake /home/usuario/Documentos/GitHub/pymav -DCMAKE_INSTALL_PREFIX=/home/usuario/Documentos/GitHub/pymav/install/pymav
[0.761s] Invoking command in '/home/usuario/Documentos/GitHub/pymav/build/pymav': CMAKE_PREFIX_PATH=/opt/ros/humble /usr/bin/cmake --build /home/usuario/Documentos/GitHub/pymav/build/pymav -- -j6 -l6
[0.798s] Invoked command in '/home/usuario/Documentos/GitHub/pymav/build/pymav' returned '0': CMAKE_PREFIX_PATH=/opt/ros/humble /usr/bin/cmake --build /home/usuario/Documentos/GitHub/pymav/build/pymav -- -j6 -l6
[0.809s] Invoking command in '/home/usuario/Documentos/GitHub/pymav/build/pymav': CMAKE_PREFIX_PATH=/opt/ros/humble /usr/bin/cmake --install /home/usuario/Documentos/GitHub/pymav/build/pymav
[0.816s] -- Install configuration: ""
[0.816s] -- Installing: /home/usuario/Documentos/GitHub/pymav/install/pymav/lib/pymav/mission_control_node.py
[0.818s] -- Installing: /home/usuario/Documentos/GitHub/pymav/install/pymav/lib/pymav/battery_gps_node.py
[0.819s] -- Installing: /home/usuario/Documentos/GitHub/pymav/install/pymav/share/ament_index/resource_index/package_run_dependencies/pymav
[0.819s] -- Installing: /home/usuario/Documentos/GitHub/pymav/install/pymav/share/ament_index/resource_index/parent_prefix_path/pymav
[0.820s] -- Installing: /home/usuario/Documentos/GitHub/pymav/install/pymav/share/pymav/environment/ament_prefix_path.sh
[0.820s] -- Installing: /home/usuario/Documentos/GitHub/pymav/install/pymav/share/pymav/environment/ament_prefix_path.dsv
[0.821s] -- Installing: /home/usuario/Documentos/GitHub/pymav/install/pymav/share/pymav/environment/path.sh
[0.821s] -- Installing: /home/usuario/Documentos/GitHub/pymav/install/pymav/share/pymav/environment/path.dsv
[0.822s] -- Installing: /home/usuario/Documentos/GitHub/pymav/install/pymav/share/pymav/local_setup.bash
[0.822s] -- Installing: /home/usuario/Documentos/GitHub/pymav/install/pymav/share/pymav/local_setup.sh
[0.823s] -- Installing: /home/usuario/Documentos/GitHub/pymav/install/pymav/share/pymav/local_setup.zsh
[0.824s] -- Installing: /home/usuario/Documentos/GitHub/pymav/install/pymav/share/pymav/local_setup.dsv
[0.825s] -- Installing: /home/usuario/Documentos/GitHub/pymav/install/pymav/share/pymav/package.dsv
[0.826s] -- Installing: /home/usuario/Documentos/GitHub/pymav/install/pymav/share/ament_index/resource_index/packages/pymav
[0.826s] -- Installing: /home/usuario/Documentos/GitHub/pymav/install/pymav/share/pymav/cmake/pymavConfig.cmake
[0.827s] -- Installing: /home/usuario/Documentos/GitHub/pymav/install/pymav/share/pymav/cmake/pymavConfig-version.cmake
[0.827s] -- Installing: /home/usuario/Documentos/GitHub/pymav/install/pymav/share/pymav/package.xml
[0.830s] Invoked command in '/home/usuario/Documentos/GitHub/pymav/build/pymav' returned '0': CMAKE_PREFIX_PATH=/opt/ros/humble /usr/bin/cmake --install /home/usuario/Documentos/GitHub/pymav/build/pymav
