-- The C compiler identification is GNU 10.5.0
-- The CXX compiler identification is GNU 10.5.0
-- Detecting C compiler ABI info
-- Detecting C compiler ABI info - done
-- Check for working C compiler: /usr/bin/cc - skipped
-- Detecting C compile features
-- Detecting C compile features - done
-- Detecting CXX compiler ABI info
-- Detecting CXX compiler ABI info - done
-- Check for working CXX compiler: /usr/bin/c++ - skipped
-- Detecting CXX compile features
-- Detecting CXX compile features - done
-- Found ament_cmake: 1.3.11 (/opt/ros/humble/share/ament_cmake/cmake)
-- Found Python3: /usr/bin/python3 (found version "3.10.12") found components: Interpreter 
-- Override CMake install command with custom implementation using symlinks instead of copying resources
-- Found rclpy: 3.3.15 (/opt/ros/humble/share/rclpy/cmake)
-- Found geometry_msgs: 4.2.4 (/opt/ros/humble/share/geometry_msgs/cmake)
-- Found rosidl_generator_c: 3.1.6 (/opt/ros/humble/share/rosidl_generator_c/cmake)
-- Found rosidl_adapter: 3.1.6 (/opt/ros/humble/share/rosidl_adapter/cmake)
-- Found rosidl_generator_cpp: 3.1.6 (/opt/ros/humble/share/rosidl_generator_cpp/cmake)
-- Using all available rosidl_typesupport_c: rosidl_typesupport_fastrtps_c;rosidl_typesupport_introspection_c
-- Using all available rosidl_typesupport_cpp: rosidl_typesupport_fastrtps_cpp;rosidl_typesupport_introspection_cpp
-- Found ament_lint_auto: 0.12.11 (/opt/ros/humble/share/ament_lint_auto/cmake)
-- Added test 'cppcheck' to perform static code analysis on C / C++ code
-- Configured cppcheck include dirs: 
-- Configured cppcheck exclude dirs and/or files: 
-- Added test 'flake8' to check Python code syntax and style conventions
-- Added test 'lint_cmake' to check CMake code style
-- Added test 'pep257' to check Python code against some of the docstring style conventions in PEP 257
-- Added test 'uncrustify' to check C / C++ code style
-- Configured uncrustify additional arguments: 
-- Added test 'xmllint' to check XML markup files
-- Configuring done
-- Generating done
-- Build files have been written to: /home/usuario/Descargas/pymav/build/pymav
-- Install configuration: ""
-- Execute custom install script
-- Symlinking: /home/usuario/Descargas/pymav/install/pymav/lib/pymav/mission_control_node.py
-- Symlinking: /home/usuario/Descargas/pymav/install/pymav/lib/pymav/battery_gps_node.py
-- Symlinking: /home/usuario/Descargas/pymav/install/pymav/share/ament_index/resource_index/package_run_dependencies/pymav
-- Symlinking: /home/usuario/Descargas/pymav/install/pymav/share/ament_index/resource_index/parent_prefix_path/pymav
-- Symlinking: /home/usuario/Descargas/pymav/install/pymav/share/pymav/environment/ament_prefix_path.sh
-- Symlinking: /home/usuario/Descargas/pymav/install/pymav/share/pymav/environment/ament_prefix_path.dsv
-- Symlinking: /home/usuario/Descargas/pymav/install/pymav/share/pymav/environment/path.sh
-- Symlinking: /home/usuario/Descargas/pymav/install/pymav/share/pymav/environment/path.dsv
-- Symlinking: /home/usuario/Descargas/pymav/install/pymav/share/pymav/local_setup.bash
-- Symlinking: /home/usuario/Descargas/pymav/install/pymav/share/pymav/local_setup.sh
-- Symlinking: /home/usuario/Descargas/pymav/install/pymav/share/pymav/local_setup.zsh
-- Symlinking: /home/usuario/Descargas/pymav/install/pymav/share/pymav/local_setup.dsv
-- Symlinking: /home/usuario/Descargas/pymav/install/pymav/share/pymav/package.dsv
-- Symlinking: /home/usuario/Descargas/pymav/install/pymav/share/ament_index/resource_index/packages/pymav
-- Symlinking: /home/usuario/Descargas/pymav/install/pymav/share/pymav/cmake/pymavConfig.cmake
-- Symlinking: /home/usuario/Descargas/pymav/install/pymav/share/pymav/cmake/pymavConfig-version.cmake
-- Symlinking: /home/usuario/Descargas/pymav/install/pymav/share/pymav/package.xml
