[0.010s] Invoking command in '/home/usuario/Descargas/pymav/build/pymav': CMAKE_PREFIX_PATH=${CMAKE_PREFIX_PATH}:/opt/ros/humble /usr/bin/cmake /home/usuario/Descargas/pymav -DAMENT_CMAKE_SYMLINK_INSTALL=1 -DCMAKE_INSTALL_PREFIX=/home/usuario/Descargas/pymav/install/pymav
[0.067s] -- The C compiler identification is GNU 10.5.0
[0.123s] -- The CXX compiler identification is GNU 10.5.0
[0.131s] -- Detecting C compiler ABI info
[0.215s] -- Detecting C compiler ABI info - done
[0.221s] -- Check for working C compiler: /usr/bin/cc - skipped
[0.221s] -- Detecting C compile features
[0.221s] -- Detecting C compile features - done
[0.225s] -- Detecting CXX compiler ABI info
[0.316s] -- Detecting CXX compiler ABI info - done
[0.322s] -- Check for working CXX compiler: /usr/bin/c++ - skipped
[0.323s] -- Detecting CXX compile features
[0.323s] -- Detecting CXX compile features - done
[0.327s] -- Found ament_cmake: 1.3.11 (/opt/ros/humble/share/ament_cmake/cmake)
[0.675s] -- Found Python3: /usr/bin/python3 (found version "3.10.12") found components: Interpreter 
[0.725s] -- Override CMake install command with custom implementation using symlinks instead of copying resources
[0.757s] -- Found rclpy: 3.3.15 (/opt/ros/humble/share/rclpy/cmake)
[0.758s] -- Found geometry_msgs: 4.2.4 (/opt/ros/humble/share/geometry_msgs/cmake)
[0.795s] -- Found rosidl_generator_c: 3.1.6 (/opt/ros/humble/share/rosidl_generator_c/cmake)
[0.800s] -- Found rosidl_adapter: 3.1.6 (/opt/ros/humble/share/rosidl_adapter/cmake)
[0.807s] -- Found rosidl_generator_cpp: 3.1.6 (/opt/ros/humble/share/rosidl_generator_cpp/cmake)
[0.817s] -- Using all available rosidl_typesupport_c: rosidl_typesupport_fastrtps_c;rosidl_typesupport_introspection_c
[0.831s] -- Using all available rosidl_typesupport_cpp: rosidl_typesupport_fastrtps_cpp;rosidl_typesupport_introspection_cpp
[0.862s] -- Found ament_lint_auto: 0.12.11 (/opt/ros/humble/share/ament_lint_auto/cmake)
[0.946s] -- Added test 'cppcheck' to perform static code analysis on C / C++ code
[0.947s] -- Configured cppcheck include dirs: 
[0.947s] -- Configured cppcheck exclude dirs and/or files: 
[0.947s] -- Added test 'flake8' to check Python code syntax and style conventions
[0.949s] -- Added test 'lint_cmake' to check CMake code style
[0.950s] -- Added test 'pep257' to check Python code against some of the docstring style conventions in PEP 257
[0.956s] -- Added test 'uncrustify' to check C / C++ code style
[0.956s] -- Configured uncrustify additional arguments: 
[0.957s] -- Added test 'xmllint' to check XML markup files
[0.961s] -- Configuring done
[0.967s] -- Generating done
[0.973s] -- Build files have been written to: /home/usuario/Descargas/pymav/build/pymav
[0.979s] Invoked command in '/home/usuario/Descargas/pymav/build/pymav' returned '0': CMAKE_PREFIX_PATH=${CMAKE_PREFIX_PATH}:/opt/ros/humble /usr/bin/cmake /home/usuario/Descargas/pymav -DAMENT_CMAKE_SYMLINK_INSTALL=1 -DCMAKE_INSTALL_PREFIX=/home/usuario/Descargas/pymav/install/pymav
[0.982s] Invoking command in '/home/usuario/Descargas/pymav/build/pymav': CMAKE_PREFIX_PATH=${CMAKE_PREFIX_PATH}:/opt/ros/humble /usr/bin/cmake --build /home/usuario/Descargas/pymav/build/pymav -- -j6 -l6
[1.025s] Invoked command in '/home/usuario/Descargas/pymav/build/pymav' returned '0': CMAKE_PREFIX_PATH=${CMAKE_PREFIX_PATH}:/opt/ros/humble /usr/bin/cmake --build /home/usuario/Descargas/pymav/build/pymav -- -j6 -l6
[1.036s] Invoking command in '/home/usuario/Descargas/pymav/build/pymav': CMAKE_PREFIX_PATH=${CMAKE_PREFIX_PATH}:/opt/ros/humble /usr/bin/cmake --install /home/usuario/Descargas/pymav/build/pymav
[1.045s] -- Install configuration: ""
[1.046s] -- Execute custom install script
[1.046s] -- Symlinking: /home/usuario/Descargas/pymav/install/pymav/lib/pymav/mission_control_node.py
[1.056s] -- Symlinking: /home/usuario/Descargas/pymav/install/pymav/lib/pymav/battery_gps_node.py
[1.065s] -- Symlinking: /home/usuario/Descargas/pymav/install/pymav/share/ament_index/resource_index/package_run_dependencies/pymav
[1.075s] -- Symlinking: /home/usuario/Descargas/pymav/install/pymav/share/ament_index/resource_index/parent_prefix_path/pymav
[1.085s] -- Symlinking: /home/usuario/Descargas/pymav/install/pymav/share/pymav/environment/ament_prefix_path.sh
[1.095s] -- Symlinking: /home/usuario/Descargas/pymav/install/pymav/share/pymav/environment/ament_prefix_path.dsv
[1.105s] -- Symlinking: /home/usuario/Descargas/pymav/install/pymav/share/pymav/environment/path.sh
[1.115s] -- Symlinking: /home/usuario/Descargas/pymav/install/pymav/share/pymav/environment/path.dsv
[1.124s] -- Symlinking: /home/usuario/Descargas/pymav/install/pymav/share/pymav/local_setup.bash
[1.133s] -- Symlinking: /home/usuario/Descargas/pymav/install/pymav/share/pymav/local_setup.sh
[1.143s] -- Symlinking: /home/usuario/Descargas/pymav/install/pymav/share/pymav/local_setup.zsh
[1.152s] -- Symlinking: /home/usuario/Descargas/pymav/install/pymav/share/pymav/local_setup.dsv
[1.162s] -- Symlinking: /home/usuario/Descargas/pymav/install/pymav/share/pymav/package.dsv
[1.171s] -- Symlinking: /home/usuario/Descargas/pymav/install/pymav/share/ament_index/resource_index/packages/pymav
[1.180s] -- Symlinking: /home/usuario/Descargas/pymav/install/pymav/share/pymav/cmake/pymavConfig.cmake
[1.190s] -- Symlinking: /home/usuario/Descargas/pymav/install/pymav/share/pymav/cmake/pymavConfig-version.cmake
[1.200s] -- Symlinking: /home/usuario/Descargas/pymav/install/pymav/share/pymav/package.xml
[1.211s] Invoked command in '/home/usuario/Descargas/pymav/build/pymav' returned '0': CMAKE_PREFIX_PATH=${CMAKE_PREFIX_PATH}:/opt/ros/humble /usr/bin/cmake --install /home/usuario/Descargas/pymav/build/pymav
