[0.010s] Invoking command in '/home/usuario/Descargas/pymav/build/pymav': CMAKE_PREFIX_PATH=/opt/ros/humble /usr/bin/cmake --build /home/usuario/Descargas/pymav/build/pymav -- -j6 -l6
[0.033s] -- Found ament_cmake: 1.3.11 (/opt/ros/humble/share/ament_cmake/cmake)
[0.136s] -- Found rclpy: 3.3.15 (/opt/ros/humble/share/rclpy/cmake)
[0.136s] -- Found geometry_msgs: 4.2.4 (/opt/ros/humble/share/geometry_msgs/cmake)
[0.160s] -- Found rosidl_generator_c: 3.1.6 (/opt/ros/humble/share/rosidl_generator_c/cmake)
[0.162s] -- Found rosidl_adapter: 3.1.6 (/opt/ros/humble/share/rosidl_adapter/cmake)
[0.166s] -- Found rosidl_generator_cpp: 3.1.6 (/opt/ros/humble/share/rosidl_generator_cpp/cmake)
[0.173s] -- Using all available rosidl_typesupport_c: rosidl_typesupport_fastrtps_c;rosidl_typesupport_introspection_c
[0.181s] -- Using all available rosidl_typesupport_cpp: rosidl_typesupport_fastrtps_cpp;rosidl_typesupport_introspection_cpp
[0.207s] -- Found ament_lint_auto: 0.12.11 (/opt/ros/humble/share/ament_lint_auto/cmake)
[0.282s] -- Added test 'cppcheck' to perform static code analysis on C / C++ code
[0.282s] -- Configured cppcheck include dirs: 
[0.282s] -- Configured cppcheck exclude dirs and/or files: 
[0.283s] -- Added test 'flake8' to check Python code syntax and style conventions
[0.286s] -- Added test 'lint_cmake' to check CMake code style
[0.288s] -- Added test 'pep257' to check Python code against some of the docstring style conventions in PEP 257
[0.299s] -- Added test 'uncrustify' to check C / C++ code style
[0.300s] -- Configured uncrustify additional arguments: 
[0.301s] -- Added test 'xmllint' to check XML markup files
[0.304s] -- Configuring done
[0.311s] -- Generating done
[0.313s] -- Build files have been written to: /home/usuario/Descargas/pymav/build/pymav
[0.337s] Invoked command in '/home/usuario/Descargas/pymav/build/pymav' returned '0': CMAKE_PREFIX_PATH=/opt/ros/humble /usr/bin/cmake --build /home/usuario/Descargas/pymav/build/pymav -- -j6 -l6
[0.348s] Invoking command in '/home/usuario/Descargas/pymav/build/pymav': CMAKE_PREFIX_PATH=/opt/ros/humble /usr/bin/cmake --install /home/usuario/Descargas/pymav/build/pymav
[0.355s] -- Install configuration: ""
[0.355s] -- Installing: /home/usuario/Descargas/pymav/install/pymav/lib/pymav/mission_control_node.py
[0.356s] -- Installing: /home/usuario/Descargas/pymav/install/pymav/lib/pymav/battery_gps_node.py
[0.356s] -- Installing: /home/usuario/Descargas/pymav/install/pymav/share/ament_index/resource_index/package_run_dependencies/pymav
[0.357s] -- Installing: /home/usuario/Descargas/pymav/install/pymav/share/ament_index/resource_index/parent_prefix_path/pymav
[0.358s] -- Installing: /home/usuario/Descargas/pymav/install/pymav/share/pymav/environment/ament_prefix_path.sh
[0.358s] -- Installing: /home/usuario/Descargas/pymav/install/pymav/share/pymav/environment/ament_prefix_path.dsv
[0.358s] -- Installing: /home/usuario/Descargas/pymav/install/pymav/share/pymav/environment/path.sh
[0.358s] -- Installing: /home/usuario/Descargas/pymav/install/pymav/share/pymav/environment/path.dsv
[0.359s] -- Installing: /home/usuario/Descargas/pymav/install/pymav/share/pymav/local_setup.bash
[0.360s] -- Installing: /home/usuario/Descargas/pymav/install/pymav/share/pymav/local_setup.sh
[0.360s] -- Installing: /home/usuario/Descargas/pymav/install/pymav/share/pymav/local_setup.zsh
[0.361s] -- Installing: /home/usuario/Descargas/pymav/install/pymav/share/pymav/local_setup.dsv
[0.362s] -- Installing: /home/usuario/Descargas/pymav/install/pymav/share/pymav/package.dsv
[0.362s] -- Installing: /home/usuario/Descargas/pymav/install/pymav/share/ament_index/resource_index/packages/pymav
[0.363s] -- Installing: /home/usuario/Descargas/pymav/install/pymav/share/pymav/cmake/pymavConfig.cmake
[0.364s] -- Installing: /home/usuario/Descargas/pymav/install/pymav/share/pymav/cmake/pymavConfig-version.cmake
[0.364s] -- Installing: /home/usuario/Descargas/pymav/install/pymav/share/pymav/package.xml
[0.367s] Invoked command in '/home/usuario/Descargas/pymav/build/pymav' returned '0': CMAKE_PREFIX_PATH=/opt/ros/humble /usr/bin/cmake --install /home/usuario/Descargas/pymav/build/pymav
