[0.012s] Invoking command in '/home/usuario/Documentos/GitHub/pymav/build/pymav': CMAKE_PREFIX_PATH=${CMAKE_PREFIX_PATH}:/opt/ros/humble /usr/bin/cmake --build /home/usuario/Documentos/GitHub/pymav/build/pymav -- -j6 -l6
[0.034s] -- Found ament_cmake: 1.3.11 (/opt/ros/humble/share/ament_cmake/cmake)
[0.136s] -- Found rclpy: 3.3.15 (/opt/ros/humble/share/rclpy/cmake)
[0.136s] -- Found geometry_msgs: 4.2.4 (/opt/ros/humble/share/geometry_msgs/cmake)
[0.159s] -- Found rosidl_generator_c: 3.1.6 (/opt/ros/humble/share/rosidl_generator_c/cmake)
[0.161s] -- Found rosidl_adapter: 3.1.6 (/opt/ros/humble/share/rosidl_adapter/cmake)
[0.165s] -- Found rosidl_generator_cpp: 3.1.6 (/opt/ros/humble/share/rosidl_generator_cpp/cmake)
[0.172s] -- Using all available rosidl_typesupport_c: rosidl_typesupport_fastrtps_c;rosidl_typesupport_introspection_c
[0.181s] -- Using all available rosidl_typesupport_cpp: rosidl_typesupport_fastrtps_cpp;rosidl_typesupport_introspection_cpp
[0.206s] -- Found ament_lint_auto: 0.12.11 (/opt/ros/humble/share/ament_lint_auto/cmake)
[0.293s] -- Added test 'cppcheck' to perform static code analysis on C / C++ code
[0.293s] -- Configured cppcheck include dirs: 
[0.293s] -- Configured cppcheck exclude dirs and/or files: 
[0.296s] -- Added test 'flake8' to check Python code syntax and style conventions
[0.302s] -- Added test 'lint_cmake' to check CMake code style
[0.305s] -- Added test 'pep257' to check Python code against some of the docstring style conventions in PEP 257
[0.329s] -- Added test 'uncrustify' to check C / C++ code style
[0.329s] -- Configured uncrustify additional arguments: 
[0.332s] -- Added test 'xmllint' to check XML markup files
[0.334s] -- Configuring done
[0.342s] -- Generating done
[0.344s] -- Build files have been written to: /home/usuario/Documentos/GitHub/pymav/build/pymav
[0.368s] Invoked command in '/home/usuario/Documentos/GitHub/pymav/build/pymav' returned '0': CMAKE_PREFIX_PATH=${CMAKE_PREFIX_PATH}:/opt/ros/humble /usr/bin/cmake --build /home/usuario/Documentos/GitHub/pymav/build/pymav -- -j6 -l6
[0.379s] Invoking command in '/home/usuario/Documentos/GitHub/pymav/build/pymav': CMAKE_PREFIX_PATH=${CMAKE_PREFIX_PATH}:/opt/ros/humble /usr/bin/cmake --install /home/usuario/Documentos/GitHub/pymav/build/pymav
[0.387s] -- Install configuration: ""
[0.387s] -- Up-to-date: /home/usuario/Documentos/GitHub/pymav/install/pymav/lib/pymav/mission_control_node.py
[0.387s] -- Up-to-date: /home/usuario/Documentos/GitHub/pymav/install/pymav/lib/pymav/battery_gps_node.py
[0.387s] -- Up-to-date: /home/usuario/Documentos/GitHub/pymav/install/pymav/share/ament_index/resource_index/package_run_dependencies/pymav
[0.387s] -- Up-to-date: /home/usuario/Documentos/GitHub/pymav/install/pymav/share/ament_index/resource_index/parent_prefix_path/pymav
[0.387s] -- Up-to-date: /home/usuario/Documentos/GitHub/pymav/install/pymav/share/pymav/environment/ament_prefix_path.sh
[0.387s] -- Installing: /home/usuario/Documentos/GitHub/pymav/install/pymav/share/pymav/environment/ament_prefix_path.dsv
[0.388s] -- Up-to-date: /home/usuario/Documentos/GitHub/pymav/install/pymav/share/pymav/environment/path.sh
[0.388s] -- Installing: /home/usuario/Documentos/GitHub/pymav/install/pymav/share/pymav/environment/path.dsv
[0.389s] -- Up-to-date: /home/usuario/Documentos/GitHub/pymav/install/pymav/share/pymav/local_setup.bash
[0.389s] -- Up-to-date: /home/usuario/Documentos/GitHub/pymav/install/pymav/share/pymav/local_setup.sh
[0.389s] -- Up-to-date: /home/usuario/Documentos/GitHub/pymav/install/pymav/share/pymav/local_setup.zsh
[0.389s] -- Installing: /home/usuario/Documentos/GitHub/pymav/install/pymav/share/pymav/local_setup.dsv
[0.390s] -- Installing: /home/usuario/Documentos/GitHub/pymav/install/pymav/share/pymav/package.dsv
[0.391s] -- Up-to-date: /home/usuario/Documentos/GitHub/pymav/install/pymav/share/ament_index/resource_index/packages/pymav
[0.391s] -- Up-to-date: /home/usuario/Documentos/GitHub/pymav/install/pymav/share/pymav/cmake/pymavConfig.cmake
[0.391s] -- Up-to-date: /home/usuario/Documentos/GitHub/pymav/install/pymav/share/pymav/cmake/pymavConfig-version.cmake
[0.391s] -- Installing: /home/usuario/Documentos/GitHub/pymav/install/pymav/share/pymav/package.xml
[0.393s] Invoked command in '/home/usuario/Documentos/GitHub/pymav/build/pymav' returned '0': CMAKE_PREFIX_PATH=${CMAKE_PREFIX_PATH}:/opt/ros/humble /usr/bin/cmake --install /home/usuario/Documentos/GitHub/pymav/build/pymav
