[0.107s] DEBUG:colcon:Command line arguments: ['/usr/bin/colcon', 'build', '--symlink-install', '--packages-select', 'pymav']
[0.107s] DEBUG:colcon:Parsed command line arguments: Namespace(log_base=None, log_level=None, verb_name='build', build_base='build', install_base='install', merge_install=False, symlink_install=True, test_result_base=None, continue_on_error=False, executor='parallel', parallel_workers=6, event_handlers=None, ignore_user_meta=False, metas=['./colcon.meta'], base_paths=['.'], packages_ignore=None, packages_ignore_regex=None, paths=None, packages_up_to=None, packages_up_to_regex=None, packages_above=None, packages_above_and_dependencies=None, packages_above_depth=None, packages_select_by_dep=None, packages_skip_by_dep=None, packages_skip_up_to=None, packages_select_build_failed=False, packages_skip_build_finished=False, packages_select_test_failures=False, packages_skip_test_passed=False, packages_select=['pymav'], packages_skip=None, packages_select_regex=None, packages_skip_regex=None, packages_start=None, packages_end=None, allow_overriding=[], cmake_args=None, cmake_target=None, cmake_target_skip_unavailable=False, cmake_clean_cache=False, cmake_clean_first=False, cmake_force_configure=False, ament_cmake_args=None, catkin_cmake_args=None, catkin_skip_building_tests=False, mixin_files=None, mixin=None, verb_parser=<colcon_mixin.mixin.mixin_argument.MixinArgumentDecorator object at 0x7b9a26fae1a0>, verb_extension=<colcon_core.verb.build.BuildVerb object at 0x7b9a26fadbd0>, main=<bound method BuildVerb.main of <colcon_core.verb.build.BuildVerb object at 0x7b9a26fadbd0>>, mixin_verb=('build',))
[0.165s] Level 1:colcon.colcon_core.package_discovery:discover_packages(colcon_meta) check parameters
[0.165s] Level 1:colcon.colcon_core.package_discovery:discover_packages(recursive) check parameters
[0.165s] Level 1:colcon.colcon_core.package_discovery:discover_packages(ignore) check parameters
[0.165s] Level 1:colcon.colcon_core.package_discovery:discover_packages(path) check parameters
[0.165s] Level 1:colcon.colcon_core.package_discovery:discover_packages(colcon_meta) discover
[0.165s] Level 1:colcon.colcon_core.package_discovery:discover_packages(recursive) discover
[0.165s] INFO:colcon.colcon_core.package_discovery:Crawling recursively for packages in '/home/usuario/Descargas/pymav'
[0.165s] Level 1:colcon.colcon_core.package_identification:_identify(.) by extensions ['ignore', 'ignore_ament_install']
[0.165s] Level 1:colcon.colcon_core.package_identification:_identify(.) by extension 'ignore'
[0.165s] Level 1:colcon.colcon_core.package_identification:_identify(.) by extension 'ignore_ament_install'
[0.165s] Level 1:colcon.colcon_core.package_identification:_identify(.) by extensions ['colcon_pkg']
[0.165s] Level 1:colcon.colcon_core.package_identification:_identify(.) by extension 'colcon_pkg'
[0.165s] Level 1:colcon.colcon_core.package_identification:_identify(.) by extensions ['colcon_meta']
[0.165s] Level 1:colcon.colcon_core.package_identification:_identify(.) by extension 'colcon_meta'
[0.165s] Level 1:colcon.colcon_core.package_identification:_identify(.) by extensions ['ros']
[0.165s] Level 1:colcon.colcon_core.package_identification:_identify(.) by extension 'ros'
[0.182s] DEBUG:colcon.colcon_core.package_identification:Package '.' with type 'ros.ament_cmake' and name 'pymav'
[0.183s] Level 1:colcon.colcon_core.package_discovery:discover_packages(recursive) using defaults
[0.183s] Level 1:colcon.colcon_core.package_discovery:discover_packages(ignore) discover
[0.183s] Level 1:colcon.colcon_core.package_discovery:discover_packages(ignore) using defaults
[0.183s] Level 1:colcon.colcon_core.package_discovery:discover_packages(path) discover
[0.183s] Level 1:colcon.colcon_core.package_discovery:discover_packages(path) using defaults
[0.199s] Level 1:colcon.colcon_core.package_discovery:discover_packages(prefix_path) check parameters
[0.199s] Level 1:colcon.colcon_core.package_discovery:discover_packages(prefix_path) discover
[0.200s] WARNING:colcon.colcon_core.prefix_path.colcon:The path '/home/usuario/Descargas/pymav-main/install' in the environment variable COLCON_PREFIX_PATH doesn't exist
[0.201s] WARNING:colcon.colcon_ros.prefix_path.ament:The path '/home/usuario/Descargas/pymav-main/install/pymav' in the environment variable AMENT_PREFIX_PATH doesn't exist
[0.201s] WARNING:colcon.colcon_ros.prefix_path.catkin:The path '/home/usuario/Descargas/pymav-main/install/pymav' in the environment variable CMAKE_PREFIX_PATH doesn't exist
[0.202s] DEBUG:colcon.colcon_installed_package_information.package_discovery:Found 1 installed packages in /home/usuario/Descargas/pymav/install
[0.204s] DEBUG:colcon.colcon_installed_package_information.package_discovery:Found 456 installed packages in /opt/ros/humble
[0.205s] Level 1:colcon.colcon_core.package_discovery:discover_packages(prefix_path) using defaults
[0.245s] Level 5:colcon.colcon_core.verb:set package 'pymav' build argument 'cmake_args' from command line to 'None'
[0.245s] Level 5:colcon.colcon_core.verb:set package 'pymav' build argument 'cmake_target' from command line to 'None'
[0.245s] Level 5:colcon.colcon_core.verb:set package 'pymav' build argument 'cmake_target_skip_unavailable' from command line to 'False'
[0.245s] Level 5:colcon.colcon_core.verb:set package 'pymav' build argument 'cmake_clean_cache' from command line to 'False'
[0.245s] Level 5:colcon.colcon_core.verb:set package 'pymav' build argument 'cmake_clean_first' from command line to 'False'
[0.245s] Level 5:colcon.colcon_core.verb:set package 'pymav' build argument 'cmake_force_configure' from command line to 'False'
[0.245s] Level 5:colcon.colcon_core.verb:set package 'pymav' build argument 'ament_cmake_args' from command line to 'None'
[0.245s] Level 5:colcon.colcon_core.verb:set package 'pymav' build argument 'catkin_cmake_args' from command line to 'None'
[0.245s] Level 5:colcon.colcon_core.verb:set package 'pymav' build argument 'catkin_skip_building_tests' from command line to 'False'
[0.245s] DEBUG:colcon.colcon_core.verb:Building package 'pymav' with the following arguments: {'ament_cmake_args': None, 'build_base': '/home/usuario/Descargas/pymav/build/pymav', 'catkin_cmake_args': None, 'catkin_skip_building_tests': False, 'cmake_args': None, 'cmake_clean_cache': False, 'cmake_clean_first': False, 'cmake_force_configure': False, 'cmake_target': None, 'cmake_target_skip_unavailable': False, 'install_base': '/home/usuario/Descargas/pymav/install/pymav', 'merge_install': False, 'path': '/home/usuario/Descargas/pymav', 'symlink_install': True, 'test_result_base': None}
[0.245s] INFO:colcon.colcon_core.executor:Executing jobs using 'parallel' executor
[0.246s] DEBUG:colcon.colcon_parallel_executor.executor.parallel:run_until_complete
[0.246s] INFO:colcon.colcon_ros.task.ament_cmake.build:Building ROS package in '/home/usuario/Descargas/pymav' with build type 'ament_cmake'
[0.246s] INFO:colcon.colcon_cmake.task.cmake.build:Building CMake package in '/home/usuario/Descargas/pymav'
[0.248s] INFO:colcon.colcon_core.plugin_system:Skipping extension 'colcon_core.shell.bat': Not used on non-Windows systems
[0.248s] INFO:colcon.colcon_core.shell:Skip shell extension 'powershell' for command environment: Not usable outside of PowerShell
[0.248s] DEBUG:colcon.colcon_core.shell:Skip shell extension 'dsv' for command environment
[0.260s] DEBUG:colcon.colcon_core.event_handler.log_command:Invoking command in '/home/usuario/Descargas/pymav/build/pymav': CMAKE_PREFIX_PATH=${CMAKE_PREFIX_PATH}:/opt/ros/humble /usr/bin/cmake /home/usuario/Descargas/pymav -DAMENT_CMAKE_SYMLINK_INSTALL=1 -DCMAKE_INSTALL_PREFIX=/home/usuario/Descargas/pymav/install/pymav
[0.599s] DEBUG:colcon.colcon_core.event_handler.log_command:Invoked command in '/home/usuario/Descargas/pymav/build/pymav' returned '0': CMAKE_PREFIX_PATH=${CMAKE_PREFIX_PATH}:/opt/ros/humble /usr/bin/cmake /home/usuario/Descargas/pymav -DAMENT_CMAKE_SYMLINK_INSTALL=1 -DCMAKE_INSTALL_PREFIX=/home/usuario/Descargas/pymav/install/pymav
[0.601s] DEBUG:colcon.colcon_core.event_handler.log_command:Invoking command in '/home/usuario/Descargas/pymav/build/pymav': CMAKE_PREFIX_PATH=${CMAKE_PREFIX_PATH}:/opt/ros/humble /usr/bin/cmake --build /home/usuario/Descargas/pymav/build/pymav -- -j6 -l6
[0.643s] DEBUG:colcon.colcon_core.event_handler.log_command:Invoked command in '/home/usuario/Descargas/pymav/build/pymav' returned '0': CMAKE_PREFIX_PATH=${CMAKE_PREFIX_PATH}:/opt/ros/humble /usr/bin/cmake --build /home/usuario/Descargas/pymav/build/pymav -- -j6 -l6
[0.654s] DEBUG:colcon.colcon_core.event_handler.log_command:Invoking command in '/home/usuario/Descargas/pymav/build/pymav': CMAKE_PREFIX_PATH=${CMAKE_PREFIX_PATH}:/opt/ros/humble /usr/bin/cmake --install /home/usuario/Descargas/pymav/build/pymav
[0.678s] Level 1:colcon.colcon_core.environment:create_environment_scripts_only(pymav)
[0.679s] DEBUG:colcon.colcon_core.event_handler.log_command:Invoked command in '/home/usuario/Descargas/pymav/build/pymav' returned '0': CMAKE_PREFIX_PATH=${CMAKE_PREFIX_PATH}:/opt/ros/humble /usr/bin/cmake --install /home/usuario/Descargas/pymav/build/pymav
[0.689s] Level 1:colcon.colcon_core.environment:checking '/home/usuario/Descargas/pymav/install/pymav' for CMake module files
[0.690s] Level 1:colcon.colcon_core.environment:checking '/home/usuario/Descargas/pymav/install/pymav' for CMake config files
[0.690s] Level 1:colcon.colcon_core.shell:create_environment_hook('pymav', 'cmake_prefix_path')
[0.690s] INFO:colcon.colcon_core.shell:Creating environment hook '/home/usuario/Descargas/pymav/install/pymav/share/pymav/hook/cmake_prefix_path.ps1'
[0.691s] INFO:colcon.colcon_core.shell:Creating environment descriptor '/home/usuario/Descargas/pymav/install/pymav/share/pymav/hook/cmake_prefix_path.dsv'
[0.692s] INFO:colcon.colcon_core.shell:Creating environment hook '/home/usuario/Descargas/pymav/install/pymav/share/pymav/hook/cmake_prefix_path.sh'
[0.693s] Level 1:colcon.colcon_core.environment:checking '/home/usuario/Descargas/pymav/install/pymav/lib'
[0.693s] Level 1:colcon.colcon_core.environment:checking '/home/usuario/Descargas/pymav/install/pymav/bin'
[0.693s] Level 1:colcon.colcon_core.environment:checking '/home/usuario/Descargas/pymav/install/pymav/lib/pkgconfig/pymav.pc'
[0.693s] Level 1:colcon.colcon_core.environment:checking '/home/usuario/Descargas/pymav/install/pymav/lib/python3.10/site-packages'
[0.693s] Level 1:colcon.colcon_core.environment:checking '/home/usuario/Descargas/pymav/install/pymav/bin'
[0.693s] INFO:colcon.colcon_core.shell:Creating package script '/home/usuario/Descargas/pymav/install/pymav/share/pymav/package.ps1'
[0.694s] INFO:colcon.colcon_core.shell:Creating package descriptor '/home/usuario/Descargas/pymav/install/pymav/share/pymav/package.dsv'
[0.695s] INFO:colcon.colcon_core.shell:Creating package script '/home/usuario/Descargas/pymav/install/pymav/share/pymav/package.sh'
[0.695s] INFO:colcon.colcon_core.shell:Creating package script '/home/usuario/Descargas/pymav/install/pymav/share/pymav/package.bash'
[0.696s] INFO:colcon.colcon_core.shell:Creating package script '/home/usuario/Descargas/pymav/install/pymav/share/pymav/package.zsh'
[0.697s] Level 1:colcon.colcon_core.environment:create_file_with_runtime_dependencies(/home/usuario/Descargas/pymav/install/pymav/share/colcon-core/packages/pymav)
[0.698s] Level 1:colcon.colcon_core.environment:create_environment_scripts_only(pymav)
[0.698s] Level 1:colcon.colcon_core.environment:checking '/home/usuario/Descargas/pymav/install/pymav' for CMake module files
[0.699s] Level 1:colcon.colcon_core.environment:checking '/home/usuario/Descargas/pymav/install/pymav' for CMake config files
[0.699s] Level 1:colcon.colcon_core.shell:create_environment_hook('pymav', 'cmake_prefix_path')
[0.699s] INFO:colcon.colcon_core.shell:Creating environment hook '/home/usuario/Descargas/pymav/install/pymav/share/pymav/hook/cmake_prefix_path.ps1'
[0.700s] INFO:colcon.colcon_core.shell:Creating environment descriptor '/home/usuario/Descargas/pymav/install/pymav/share/pymav/hook/cmake_prefix_path.dsv'
[0.701s] INFO:colcon.colcon_core.shell:Creating environment hook '/home/usuario/Descargas/pymav/install/pymav/share/pymav/hook/cmake_prefix_path.sh'
[0.701s] Level 1:colcon.colcon_core.environment:checking '/home/usuario/Descargas/pymav/install/pymav/lib'
[0.701s] Level 1:colcon.colcon_core.environment:checking '/home/usuario/Descargas/pymav/install/pymav/bin'
[0.701s] Level 1:colcon.colcon_core.environment:checking '/home/usuario/Descargas/pymav/install/pymav/lib/pkgconfig/pymav.pc'
[0.701s] Level 1:colcon.colcon_core.environment:checking '/home/usuario/Descargas/pymav/install/pymav/lib/python3.10/site-packages'
[0.702s] Level 1:colcon.colcon_core.environment:checking '/home/usuario/Descargas/pymav/install/pymav/bin'
[0.702s] INFO:colcon.colcon_core.shell:Creating package script '/home/usuario/Descargas/pymav/install/pymav/share/pymav/package.ps1'
[0.702s] INFO:colcon.colcon_core.shell:Creating package descriptor '/home/usuario/Descargas/pymav/install/pymav/share/pymav/package.dsv'
[0.703s] INFO:colcon.colcon_core.shell:Creating package script '/home/usuario/Descargas/pymav/install/pymav/share/pymav/package.sh'
[0.703s] INFO:colcon.colcon_core.shell:Creating package script '/home/usuario/Descargas/pymav/install/pymav/share/pymav/package.bash'
[0.704s] INFO:colcon.colcon_core.shell:Creating package script '/home/usuario/Descargas/pymav/install/pymav/share/pymav/package.zsh'
[0.704s] Level 1:colcon.colcon_core.environment:create_file_with_runtime_dependencies(/home/usuario/Descargas/pymav/install/pymav/share/colcon-core/packages/pymav)
[0.705s] DEBUG:colcon.colcon_parallel_executor.executor.parallel:closing loop
[0.705s] DEBUG:colcon.colcon_parallel_executor.executor.parallel:loop closed
[0.705s] DEBUG:colcon.colcon_parallel_executor.executor.parallel:run_until_complete finished with '0'
[0.705s] DEBUG:colcon.colcon_core.event_reactor:joining thread
[0.710s] INFO:colcon.colcon_core.plugin_system:Skipping extension 'colcon_notification.desktop_notification.terminal_notifier': Not used on non-Darwin systems
[0.710s] INFO:colcon.colcon_core.plugin_system:Skipping extension 'colcon_notification.desktop_notification.win32': Not used on non-Windows systems
[0.710s] INFO:colcon.colcon_notification.desktop_notification:Sending desktop notification using 'notify2'
[0.717s] DEBUG:colcon.colcon_core.event_reactor:joined thread
[0.717s] INFO:colcon.colcon_core.shell:Creating prefix script '/home/usuario/Descargas/pymav/install/local_setup.ps1'
[0.718s] INFO:colcon.colcon_core.shell:Creating prefix util module '/home/usuario/Descargas/pymav/install/_local_setup_util_ps1.py'
[0.719s] INFO:colcon.colcon_core.shell:Creating prefix chain script '/home/usuario/Descargas/pymav/install/setup.ps1'
[0.721s] INFO:colcon.colcon_core.shell:Creating prefix script '/home/usuario/Descargas/pymav/install/local_setup.sh'
[0.721s] INFO:colcon.colcon_core.shell:Creating prefix util module '/home/usuario/Descargas/pymav/install/_local_setup_util_sh.py'
[0.722s] INFO:colcon.colcon_core.shell:Creating prefix chain script '/home/usuario/Descargas/pymav/install/setup.sh'
[0.723s] INFO:colcon.colcon_core.shell:Creating prefix script '/home/usuario/Descargas/pymav/install/local_setup.bash'
[0.724s] INFO:colcon.colcon_core.shell:Creating prefix chain script '/home/usuario/Descargas/pymav/install/setup.bash'
[0.725s] INFO:colcon.colcon_core.shell:Creating prefix script '/home/usuario/Descargas/pymav/install/local_setup.zsh'
[0.725s] INFO:colcon.colcon_core.shell:Creating prefix chain script '/home/usuario/Descargas/pymav/install/setup.zsh'
