[0.110s] DEBUG:colcon:Command line arguments: ['/usr/bin/colcon', 'build', '--symlink-install', '--cmake-clean-cache']
[0.111s] DEBUG:colcon:Parsed command line arguments: Namespace(log_base=None, log_level=None, verb_name='build', build_base='build', install_base='install', merge_install=False, symlink_install=True, test_result_base=None, continue_on_error=False, executor='parallel', parallel_workers=6, event_handlers=None, ignore_user_meta=False, metas=['./colcon.meta'], base_paths=['.'], packages_ignore=None, packages_ignore_regex=None, paths=None, packages_up_to=None, packages_up_to_regex=None, packages_above=None, packages_above_and_dependencies=None, packages_above_depth=None, packages_select_by_dep=None, packages_skip_by_dep=None, packages_skip_up_to=None, packages_select_build_failed=False, packages_skip_build_finished=False, packages_select_test_failures=False, packages_skip_test_passed=False, packages_select=None, packages_skip=None, packages_select_regex=None, packages_skip_regex=None, packages_start=None, packages_end=None, allow_overriding=[], cmake_args=None, cmake_target=None, cmake_target_skip_unavailable=False, cmake_clean_cache=True, cmake_clean_first=False, cmake_force_configure=False, ament_cmake_args=None, catkin_cmake_args=None, catkin_skip_building_tests=False, mixin_files=None, mixin=None, verb_parser=<colcon_mixin.mixin.mixin_argument.MixinArgumentDecorator object at 0x7ba07b3ae170>, verb_extension=<colcon_core.verb.build.BuildVerb object at 0x7ba07b3adba0>, main=<bound method BuildVerb.main of <colcon_core.verb.build.BuildVerb object at 0x7ba07b3adba0>>, mixin_verb=('build',))
[0.170s] Level 1:colcon.colcon_core.package_discovery:discover_packages(colcon_meta) check parameters
[0.170s] Level 1:colcon.colcon_core.package_discovery:discover_packages(recursive) check parameters
[0.170s] Level 1:colcon.colcon_core.package_discovery:discover_packages(ignore) check parameters
[0.170s] Level 1:colcon.colcon_core.package_discovery:discover_packages(path) check parameters
[0.170s] Level 1:colcon.colcon_core.package_discovery:discover_packages(colcon_meta) discover
[0.170s] Level 1:colcon.colcon_core.package_discovery:discover_packages(recursive) discover
[0.170s] INFO:colcon.colcon_core.package_discovery:Crawling recursively for packages in '/home/usuario/Descargas/pymav'
[0.170s] Level 1:colcon.colcon_core.package_identification:_identify(.) by extensions ['ignore', 'ignore_ament_install']
[0.170s] Level 1:colcon.colcon_core.package_identification:_identify(.) by extension 'ignore'
[0.170s] Level 1:colcon.colcon_core.package_identification:_identify(.) by extension 'ignore_ament_install'
[0.170s] Level 1:colcon.colcon_core.package_identification:_identify(.) by extensions ['colcon_pkg']
[0.170s] Level 1:colcon.colcon_core.package_identification:_identify(.) by extension 'colcon_pkg'
[0.170s] Level 1:colcon.colcon_core.package_identification:_identify(.) by extensions ['colcon_meta']
[0.170s] Level 1:colcon.colcon_core.package_identification:_identify(.) by extension 'colcon_meta'
[0.170s] Level 1:colcon.colcon_core.package_identification:_identify(.) by extensions ['ros']
[0.170s] Level 1:colcon.colcon_core.package_identification:_identify(.) by extension 'ros'
[0.188s] DEBUG:colcon.colcon_core.package_identification:Package '.' with type 'ros.ament_cmake' and name 'pymav'
[0.188s] Level 1:colcon.colcon_core.package_discovery:discover_packages(recursive) using defaults
[0.188s] Level 1:colcon.colcon_core.package_discovery:discover_packages(ignore) discover
[0.188s] Level 1:colcon.colcon_core.package_discovery:discover_packages(ignore) using defaults
[0.188s] Level 1:colcon.colcon_core.package_discovery:discover_packages(path) discover
[0.188s] Level 1:colcon.colcon_core.package_discovery:discover_packages(path) using defaults
[0.205s] Level 1:colcon.colcon_core.package_discovery:discover_packages(prefix_path) check parameters
[0.205s] Level 1:colcon.colcon_core.package_discovery:discover_packages(prefix_path) discover
[0.206s] WARNING:colcon.colcon_core.prefix_path.colcon:The path '/home/usuario/Descargas/install' in the environment variable COLCON_PREFIX_PATH doesn't exist
[0.206s] WARNING:colcon.colcon_ros.prefix_path.ament:The path '/home/usuario/Descargas/install/pymav' in the environment variable AMENT_PREFIX_PATH doesn't exist
[0.207s] WARNING:colcon.colcon_ros.prefix_path.catkin:The path '/home/usuario/Descargas/install/pymav' in the environment variable CMAKE_PREFIX_PATH doesn't exist
[0.208s] DEBUG:colcon.colcon_installed_package_information.package_discovery:Found 1 installed packages in /home/usuario/Descargas/pymav/install
[0.210s] DEBUG:colcon.colcon_installed_package_information.package_discovery:Found 456 installed packages in /opt/ros/humble
[0.211s] Level 1:colcon.colcon_core.package_discovery:discover_packages(prefix_path) using defaults
[0.252s] Level 5:colcon.colcon_core.verb:set package 'pymav' build argument 'cmake_args' from command line to 'None'
[0.252s] Level 5:colcon.colcon_core.verb:set package 'pymav' build argument 'cmake_target' from command line to 'None'
[0.252s] Level 5:colcon.colcon_core.verb:set package 'pymav' build argument 'cmake_target_skip_unavailable' from command line to 'False'
[0.252s] Level 5:colcon.colcon_core.verb:set package 'pymav' build argument 'cmake_clean_cache' from command line to 'True'
[0.252s] Level 5:colcon.colcon_core.verb:set package 'pymav' build argument 'cmake_clean_first' from command line to 'False'
[0.252s] Level 5:colcon.colcon_core.verb:set package 'pymav' build argument 'cmake_force_configure' from command line to 'False'
[0.252s] Level 5:colcon.colcon_core.verb:set package 'pymav' build argument 'ament_cmake_args' from command line to 'None'
[0.252s] Level 5:colcon.colcon_core.verb:set package 'pymav' build argument 'catkin_cmake_args' from command line to 'None'
[0.252s] Level 5:colcon.colcon_core.verb:set package 'pymav' build argument 'catkin_skip_building_tests' from command line to 'False'
[0.252s] DEBUG:colcon.colcon_core.verb:Building package 'pymav' with the following arguments: {'ament_cmake_args': None, 'build_base': '/home/usuario/Descargas/pymav/build/pymav', 'catkin_cmake_args': None, 'catkin_skip_building_tests': False, 'cmake_args': None, 'cmake_clean_cache': True, 'cmake_clean_first': False, 'cmake_force_configure': False, 'cmake_target': None, 'cmake_target_skip_unavailable': False, 'install_base': '/home/usuario/Descargas/pymav/install/pymav', 'merge_install': False, 'path': '/home/usuario/Descargas/pymav', 'symlink_install': True, 'test_result_base': None}
[0.252s] INFO:colcon.colcon_core.executor:Executing jobs using 'parallel' executor
[0.253s] DEBUG:colcon.colcon_parallel_executor.executor.parallel:run_until_complete
[0.253s] INFO:colcon.colcon_ros.task.ament_cmake.build:Building ROS package in '/home/usuario/Descargas/pymav' with build type 'ament_cmake'
[0.253s] INFO:colcon.colcon_cmake.task.cmake.build:Building CMake package in '/home/usuario/Descargas/pymav'
[0.255s] INFO:colcon.colcon_core.plugin_system:Skipping extension 'colcon_core.shell.bat': Not used on non-Windows systems
[0.255s] INFO:colcon.colcon_core.shell:Skip shell extension 'powershell' for command environment: Not usable outside of PowerShell
[0.255s] DEBUG:colcon.colcon_core.shell:Skip shell extension 'dsv' for command environment
[0.266s] DEBUG:colcon.colcon_core.event_handler.log_command:Invoking command in '/home/usuario/Descargas/pymav/build/pymav': CMAKE_PREFIX_PATH=${CMAKE_PREFIX_PATH}:/opt/ros/humble /usr/bin/cmake /home/usuario/Descargas/pymav -DAMENT_CMAKE_SYMLINK_INSTALL=1 -DCMAKE_INSTALL_PREFIX=/home/usuario/Descargas/pymav/install/pymav
[1.269s] DEBUG:colcon.colcon_core.event_handler.log_command:Invoked command in '/home/usuario/Descargas/pymav/build/pymav' returned '0': CMAKE_PREFIX_PATH=${CMAKE_PREFIX_PATH}:/opt/ros/humble /usr/bin/cmake /home/usuario/Descargas/pymav -DAMENT_CMAKE_SYMLINK_INSTALL=1 -DCMAKE_INSTALL_PREFIX=/home/usuario/Descargas/pymav/install/pymav
[1.271s] DEBUG:colcon.colcon_core.event_handler.log_command:Invoking command in '/home/usuario/Descargas/pymav/build/pymav': CMAKE_PREFIX_PATH=${CMAKE_PREFIX_PATH}:/opt/ros/humble /usr/bin/cmake --build /home/usuario/Descargas/pymav/build/pymav -- -j6 -l6
[1.317s] DEBUG:colcon.colcon_core.event_handler.log_command:Invoked command in '/home/usuario/Descargas/pymav/build/pymav' returned '0': CMAKE_PREFIX_PATH=${CMAKE_PREFIX_PATH}:/opt/ros/humble /usr/bin/cmake --build /home/usuario/Descargas/pymav/build/pymav -- -j6 -l6
[1.329s] DEBUG:colcon.colcon_core.event_handler.log_command:Invoking command in '/home/usuario/Descargas/pymav/build/pymav': CMAKE_PREFIX_PATH=${CMAKE_PREFIX_PATH}:/opt/ros/humble /usr/bin/cmake --install /home/usuario/Descargas/pymav/build/pymav
[1.503s] Level 1:colcon.colcon_core.environment:create_environment_scripts_only(pymav)
[1.503s] DEBUG:colcon.colcon_core.event_handler.log_command:Invoked command in '/home/usuario/Descargas/pymav/build/pymav' returned '0': CMAKE_PREFIX_PATH=${CMAKE_PREFIX_PATH}:/opt/ros/humble /usr/bin/cmake --install /home/usuario/Descargas/pymav/build/pymav
[1.513s] Level 1:colcon.colcon_core.environment:checking '/home/usuario/Descargas/pymav/install/pymav' for CMake module files
[1.514s] Level 1:colcon.colcon_core.environment:checking '/home/usuario/Descargas/pymav/install/pymav' for CMake config files
[1.514s] Level 1:colcon.colcon_core.shell:create_environment_hook('pymav', 'cmake_prefix_path')
[1.514s] INFO:colcon.colcon_core.shell:Creating environment hook '/home/usuario/Descargas/pymav/install/pymav/share/pymav/hook/cmake_prefix_path.ps1'
[1.515s] INFO:colcon.colcon_core.shell:Creating environment descriptor '/home/usuario/Descargas/pymav/install/pymav/share/pymav/hook/cmake_prefix_path.dsv'
[1.516s] INFO:colcon.colcon_core.shell:Creating environment hook '/home/usuario/Descargas/pymav/install/pymav/share/pymav/hook/cmake_prefix_path.sh'
[1.516s] Level 1:colcon.colcon_core.environment:checking '/home/usuario/Descargas/pymav/install/pymav/lib'
[1.517s] Level 1:colcon.colcon_core.environment:checking '/home/usuario/Descargas/pymav/install/pymav/bin'
[1.517s] Level 1:colcon.colcon_core.environment:checking '/home/usuario/Descargas/pymav/install/pymav/lib/pkgconfig/pymav.pc'
[1.517s] Level 1:colcon.colcon_core.environment:checking '/home/usuario/Descargas/pymav/install/pymav/lib/python3.10/site-packages'
[1.517s] Level 1:colcon.colcon_core.environment:checking '/home/usuario/Descargas/pymav/install/pymav/bin'
[1.517s] INFO:colcon.colcon_core.shell:Creating package script '/home/usuario/Descargas/pymav/install/pymav/share/pymav/package.ps1'
[1.518s] INFO:colcon.colcon_core.shell:Creating package descriptor '/home/usuario/Descargas/pymav/install/pymav/share/pymav/package.dsv'
[1.518s] INFO:colcon.colcon_core.shell:Creating package script '/home/usuario/Descargas/pymav/install/pymav/share/pymav/package.sh'
[1.519s] INFO:colcon.colcon_core.shell:Creating package script '/home/usuario/Descargas/pymav/install/pymav/share/pymav/package.bash'
[1.520s] INFO:colcon.colcon_core.shell:Creating package script '/home/usuario/Descargas/pymav/install/pymav/share/pymav/package.zsh'
[1.520s] Level 1:colcon.colcon_core.environment:create_file_with_runtime_dependencies(/home/usuario/Descargas/pymav/install/pymav/share/colcon-core/packages/pymav)
[1.522s] Level 1:colcon.colcon_core.environment:create_environment_scripts_only(pymav)
[1.522s] Level 1:colcon.colcon_core.environment:checking '/home/usuario/Descargas/pymav/install/pymav' for CMake module files
[1.523s] Level 1:colcon.colcon_core.environment:checking '/home/usuario/Descargas/pymav/install/pymav' for CMake config files
[1.523s] Level 1:colcon.colcon_core.shell:create_environment_hook('pymav', 'cmake_prefix_path')
[1.523s] INFO:colcon.colcon_core.shell:Creating environment hook '/home/usuario/Descargas/pymav/install/pymav/share/pymav/hook/cmake_prefix_path.ps1'
[1.523s] INFO:colcon.colcon_core.shell:Creating environment descriptor '/home/usuario/Descargas/pymav/install/pymav/share/pymav/hook/cmake_prefix_path.dsv'
[1.524s] INFO:colcon.colcon_core.shell:Creating environment hook '/home/usuario/Descargas/pymav/install/pymav/share/pymav/hook/cmake_prefix_path.sh'
[1.524s] Level 1:colcon.colcon_core.environment:checking '/home/usuario/Descargas/pymav/install/pymav/lib'
[1.525s] Level 1:colcon.colcon_core.environment:checking '/home/usuario/Descargas/pymav/install/pymav/bin'
[1.525s] Level 1:colcon.colcon_core.environment:checking '/home/usuario/Descargas/pymav/install/pymav/lib/pkgconfig/pymav.pc'
[1.525s] Level 1:colcon.colcon_core.environment:checking '/home/usuario/Descargas/pymav/install/pymav/lib/python3.10/site-packages'
[1.525s] Level 1:colcon.colcon_core.environment:checking '/home/usuario/Descargas/pymav/install/pymav/bin'
[1.525s] INFO:colcon.colcon_core.shell:Creating package script '/home/usuario/Descargas/pymav/install/pymav/share/pymav/package.ps1'
[1.526s] INFO:colcon.colcon_core.shell:Creating package descriptor '/home/usuario/Descargas/pymav/install/pymav/share/pymav/package.dsv'
[1.526s] INFO:colcon.colcon_core.shell:Creating package script '/home/usuario/Descargas/pymav/install/pymav/share/pymav/package.sh'
[1.527s] INFO:colcon.colcon_core.shell:Creating package script '/home/usuario/Descargas/pymav/install/pymav/share/pymav/package.bash'
[1.527s] INFO:colcon.colcon_core.shell:Creating package script '/home/usuario/Descargas/pymav/install/pymav/share/pymav/package.zsh'
[1.528s] Level 1:colcon.colcon_core.environment:create_file_with_runtime_dependencies(/home/usuario/Descargas/pymav/install/pymav/share/colcon-core/packages/pymav)
[1.528s] DEBUG:colcon.colcon_parallel_executor.executor.parallel:closing loop
[1.528s] DEBUG:colcon.colcon_parallel_executor.executor.parallel:loop closed
[1.528s] DEBUG:colcon.colcon_parallel_executor.executor.parallel:run_until_complete finished with '0'
[1.528s] DEBUG:colcon.colcon_core.event_reactor:joining thread
[1.534s] INFO:colcon.colcon_core.plugin_system:Skipping extension 'colcon_notification.desktop_notification.terminal_notifier': Not used on non-Darwin systems
[1.534s] INFO:colcon.colcon_core.plugin_system:Skipping extension 'colcon_notification.desktop_notification.win32': Not used on non-Windows systems
[1.534s] INFO:colcon.colcon_notification.desktop_notification:Sending desktop notification using 'notify2'
[1.541s] DEBUG:colcon.colcon_core.event_reactor:joined thread
[1.541s] INFO:colcon.colcon_core.shell:Creating prefix script '/home/usuario/Descargas/pymav/install/local_setup.ps1'
[1.543s] INFO:colcon.colcon_core.shell:Creating prefix util module '/home/usuario/Descargas/pymav/install/_local_setup_util_ps1.py'
[1.544s] INFO:colcon.colcon_core.shell:Creating prefix chain script '/home/usuario/Descargas/pymav/install/setup.ps1'
[1.545s] INFO:colcon.colcon_core.shell:Creating prefix script '/home/usuario/Descargas/pymav/install/local_setup.sh'
[1.546s] INFO:colcon.colcon_core.shell:Creating prefix util module '/home/usuario/Descargas/pymav/install/_local_setup_util_sh.py'
[1.546s] INFO:colcon.colcon_core.shell:Creating prefix chain script '/home/usuario/Descargas/pymav/install/setup.sh'
[1.547s] INFO:colcon.colcon_core.shell:Creating prefix script '/home/usuario/Descargas/pymav/install/local_setup.bash'
[1.548s] INFO:colcon.colcon_core.shell:Creating prefix chain script '/home/usuario/Descargas/pymav/install/setup.bash'
[1.549s] INFO:colcon.colcon_core.shell:Creating prefix script '/home/usuario/Descargas/pymav/install/local_setup.zsh'
[1.550s] INFO:colcon.colcon_core.shell:Creating prefix chain script '/home/usuario/Descargas/pymav/install/setup.zsh'
