[0.013s] Invoking command in '/home/usuario/Descargas/pymav/build/pymav': CMAKE_PREFIX_PATH=${CMAKE_PREFIX_PATH}:/opt/ros/humble /usr/bin/cmake /home/usuario/Descargas/pymav -DAMENT_CMAKE_SYMLINK_INSTALL=1 -DCMAKE_INSTALL_PREFIX=/home/usuario/Descargas/pymav/install/pymav
[0.027s] -- Found ament_cmake: 1.3.11 (/opt/ros/humble/share/ament_cmake/cmake)
[0.127s] -- Override CMake install command with custom implementation using symlinks instead of copying resources
[0.136s] -- Found rclpy: 3.3.15 (/opt/ros/humble/share/rclpy/cmake)
[0.136s] -- Found geometry_msgs: 4.2.4 (/opt/ros/humble/share/geometry_msgs/cmake)
[0.160s] -- Found rosidl_generator_c: 3.1.6 (/opt/ros/humble/share/rosidl_generator_c/cmake)
[0.161s] -- Found rosidl_adapter: 3.1.6 (/opt/ros/humble/share/rosidl_adapter/cmake)
[0.166s] -- Found rosidl_generator_cpp: 3.1.6 (/opt/ros/humble/share/rosidl_generator_cpp/cmake)
[0.173s] -- Using all available rosidl_typesupport_c: rosidl_typesupport_fastrtps_c;rosidl_typesupport_introspection_c
[0.182s] -- Using all available rosidl_typesupport_cpp: rosidl_typesupport_fastrtps_cpp;rosidl_typesupport_introspection_cpp
[0.208s] -- Found ament_lint_auto: 0.12.11 (/opt/ros/humble/share/ament_lint_auto/cmake)
[0.300s] -- Added test 'cppcheck' to perform static code analysis on C / C++ code
[0.300s] -- Configured cppcheck include dirs: 
[0.300s] -- Configured cppcheck exclude dirs and/or files: 
[0.303s] -- Added test 'flake8' to check Python code syntax and style conventions
[0.308s] -- Added test 'lint_cmake' to check CMake code style
[0.311s] -- Added test 'pep257' to check Python code against some of the docstring style conventions in PEP 257
[0.331s] -- Added test 'uncrustify' to check C / C++ code style
[0.331s] -- Configured uncrustify additional arguments: 
[0.334s] -- Added test 'xmllint' to check XML markup files
[0.338s] -- Configuring done
[0.350s] -- Generating done
[0.356s] -- Build files have been written to: /home/usuario/Descargas/pymav/build/pymav
[0.361s] Invoked command in '/home/usuario/Descargas/pymav/build/pymav' returned '0': CMAKE_PREFIX_PATH=${CMAKE_PREFIX_PATH}:/opt/ros/humble /usr/bin/cmake /home/usuario/Descargas/pymav -DAMENT_CMAKE_SYMLINK_INSTALL=1 -DCMAKE_INSTALL_PREFIX=/home/usuario/Descargas/pymav/install/pymav
[0.364s] Invoking command in '/home/usuario/Descargas/pymav/build/pymav': CMAKE_PREFIX_PATH=${CMAKE_PREFIX_PATH}:/opt/ros/humble /usr/bin/cmake --build /home/usuario/Descargas/pymav/build/pymav -- -j6 -l6
[0.405s] Invoked command in '/home/usuario/Descargas/pymav/build/pymav' returned '0': CMAKE_PREFIX_PATH=${CMAKE_PREFIX_PATH}:/opt/ros/humble /usr/bin/cmake --build /home/usuario/Descargas/pymav/build/pymav -- -j6 -l6
[0.416s] Invoking command in '/home/usuario/Descargas/pymav/build/pymav': CMAKE_PREFIX_PATH=${CMAKE_PREFIX_PATH}:/opt/ros/humble /usr/bin/cmake --install /home/usuario/Descargas/pymav/build/pymav
[0.423s] -- Install configuration: ""
[0.424s] -- Execute custom install script
[0.425s] -- Up-to-date symlink: /home/usuario/Descargas/pymav/install/pymav/lib/pymav/mission_control_node.py
[0.425s] -- Up-to-date symlink: /home/usuario/Descargas/pymav/install/pymav/lib/pymav/battery_gps_node.py
[0.425s] -- Up-to-date symlink: /home/usuario/Descargas/pymav/install/pymav/share/ament_index/resource_index/package_run_dependencies/pymav
[0.425s] -- Up-to-date symlink: /home/usuario/Descargas/pymav/install/pymav/share/ament_index/resource_index/parent_prefix_path/pymav
[0.426s] -- Up-to-date symlink: /home/usuario/Descargas/pymav/install/pymav/share/pymav/environment/ament_prefix_path.sh
[0.426s] -- Up-to-date symlink: /home/usuario/Descargas/pymav/install/pymav/share/pymav/environment/ament_prefix_path.dsv
[0.426s] -- Up-to-date symlink: /home/usuario/Descargas/pymav/install/pymav/share/pymav/environment/path.sh
[0.427s] -- Up-to-date symlink: /home/usuario/Descargas/pymav/install/pymav/share/pymav/environment/path.dsv
[0.427s] -- Up-to-date symlink: /home/usuario/Descargas/pymav/install/pymav/share/pymav/local_setup.bash
[0.427s] -- Up-to-date symlink: /home/usuario/Descargas/pymav/install/pymav/share/pymav/local_setup.sh
[0.428s] -- Up-to-date symlink: /home/usuario/Descargas/pymav/install/pymav/share/pymav/local_setup.zsh
[0.428s] -- Up-to-date symlink: /home/usuario/Descargas/pymav/install/pymav/share/pymav/local_setup.dsv
[0.428s] -- Symlinking: /home/usuario/Descargas/pymav/install/pymav/share/pymav/package.dsv
[0.438s] -- Up-to-date symlink: /home/usuario/Descargas/pymav/install/pymav/share/ament_index/resource_index/packages/pymav
[0.438s] -- Up-to-date symlink: /home/usuario/Descargas/pymav/install/pymav/share/pymav/cmake/pymavConfig.cmake
[0.438s] -- Up-to-date symlink: /home/usuario/Descargas/pymav/install/pymav/share/pymav/cmake/pymavConfig-version.cmake
[0.438s] -- Up-to-date symlink: /home/usuario/Descargas/pymav/install/pymav/share/pymav/package.xml
[0.441s] Invoked command in '/home/usuario/Descargas/pymav/build/pymav' returned '0': CMAKE_PREFIX_PATH=${CMAKE_PREFIX_PATH}:/opt/ros/humble /usr/bin/cmake --install /home/usuario/Descargas/pymav/build/pymav
