[0.012s] Invoking command in '/home/usuario/Descargas/pymav/build/pymav': CMAKE_PREFIX_PATH=${CMAKE_PREFIX_PATH}:/opt/ros/humble /usr/bin/cmake /home/usuario/Descargas/pymav -DAMENT_CMAKE_SYMLINK_INSTALL=1 -DCMAKE_INSTALL_PREFIX=/home/usuario/Descargas/pymav/install/pymav
[0.071s] -- The C compiler identification is GNU 10.5.0
[0.126s] -- The CXX compiler identification is GNU 10.5.0
[0.135s] -- Detecting C compiler ABI info
[0.218s] -- Detecting C compiler ABI info - done
[0.225s] -- Check for working C compiler: /usr/bin/cc - skipped
[0.225s] -- Detecting C compile features
[0.225s] -- Detecting C compile features - done
[0.229s] -- Detecting CXX compiler ABI info
[0.317s] -- Detecting CXX compiler ABI info - done
[0.324s] -- Check for working CXX compiler: /usr/bin/c++ - skipped
[0.324s] -- Detecting CXX compile features
[0.324s] -- Detecting CXX compile features - done
[0.329s] -- Found ament_cmake: 1.3.11 (/opt/ros/humble/share/ament_cmake/cmake)
[0.678s] -- Found Python3: /usr/bin/python3 (found version "3.10.12") found components: Interpreter 
[0.729s] -- Override CMake install command with custom implementation using symlinks instead of copying resources
[0.765s] -- Found rclpy: 3.3.15 (/opt/ros/humble/share/rclpy/cmake)
[0.766s] -- Found geometry_msgs: 4.2.4 (/opt/ros/humble/share/geometry_msgs/cmake)
[0.806s] -- Found rosidl_generator_c: 3.1.6 (/opt/ros/humble/share/rosidl_generator_c/cmake)
[0.811s] -- Found rosidl_adapter: 3.1.6 (/opt/ros/humble/share/rosidl_adapter/cmake)
[0.818s] -- Found rosidl_generator_cpp: 3.1.6 (/opt/ros/humble/share/rosidl_generator_cpp/cmake)
[0.829s] -- Using all available rosidl_typesupport_c: rosidl_typesupport_fastrtps_c;rosidl_typesupport_introspection_c
[0.843s] -- Using all available rosidl_typesupport_cpp: rosidl_typesupport_fastrtps_cpp;rosidl_typesupport_introspection_cpp
[0.874s] -- Found ament_lint_auto: 0.12.11 (/opt/ros/humble/share/ament_lint_auto/cmake)
[0.966s] -- Added test 'cppcheck' to perform static code analysis on C / C++ code
[0.966s] -- Configured cppcheck include dirs: 
[0.966s] -- Configured cppcheck exclude dirs and/or files: 
[0.968s] -- Added test 'flake8' to check Python code syntax and style conventions
[0.971s] -- Added test 'lint_cmake' to check CMake code style
[0.973s] -- Added test 'pep257' to check Python code against some of the docstring style conventions in PEP 257
[0.986s] -- Added test 'uncrustify' to check C / C++ code style
[0.986s] -- Configured uncrustify additional arguments: 
[0.988s] -- Added test 'xmllint' to check XML markup files
[0.992s] -- Configuring done
[1.002s] -- Generating done
[1.008s] -- Build files have been written to: /home/usuario/Descargas/pymav/build/pymav
[1.015s] Invoked command in '/home/usuario/Descargas/pymav/build/pymav' returned '0': CMAKE_PREFIX_PATH=${CMAKE_PREFIX_PATH}:/opt/ros/humble /usr/bin/cmake /home/usuario/Descargas/pymav -DAMENT_CMAKE_SYMLINK_INSTALL=1 -DCMAKE_INSTALL_PREFIX=/home/usuario/Descargas/pymav/install/pymav
[1.017s] Invoking command in '/home/usuario/Descargas/pymav/build/pymav': CMAKE_PREFIX_PATH=${CMAKE_PREFIX_PATH}:/opt/ros/humble /usr/bin/cmake --build /home/usuario/Descargas/pymav/build/pymav -- -j6 -l6
[1.063s] Invoked command in '/home/usuario/Descargas/pymav/build/pymav' returned '0': CMAKE_PREFIX_PATH=${CMAKE_PREFIX_PATH}:/opt/ros/humble /usr/bin/cmake --build /home/usuario/Descargas/pymav/build/pymav -- -j6 -l6
[1.075s] Invoking command in '/home/usuario/Descargas/pymav/build/pymav': CMAKE_PREFIX_PATH=${CMAKE_PREFIX_PATH}:/opt/ros/humble /usr/bin/cmake --install /home/usuario/Descargas/pymav/build/pymav
[1.083s] -- Install configuration: ""
[1.085s] -- Execute custom install script
[1.085s] -- Symlinking: /home/usuario/Descargas/pymav/install/pymav/lib/pymav/mission_control_node.py
[1.094s] -- Symlinking: /home/usuario/Descargas/pymav/install/pymav/lib/pymav/battery_gps_node.py
[1.103s] -- Symlinking: /home/usuario/Descargas/pymav/install/pymav/share/ament_index/resource_index/package_run_dependencies/pymav
[1.113s] -- Symlinking: /home/usuario/Descargas/pymav/install/pymav/share/ament_index/resource_index/parent_prefix_path/pymav
[1.123s] -- Symlinking: /home/usuario/Descargas/pymav/install/pymav/share/pymav/environment/ament_prefix_path.sh
[1.133s] -- Symlinking: /home/usuario/Descargas/pymav/install/pymav/share/pymav/environment/ament_prefix_path.dsv
[1.142s] -- Symlinking: /home/usuario/Descargas/pymav/install/pymav/share/pymav/environment/path.sh
[1.152s] -- Symlinking: /home/usuario/Descargas/pymav/install/pymav/share/pymav/environment/path.dsv
[1.161s] -- Symlinking: /home/usuario/Descargas/pymav/install/pymav/share/pymav/local_setup.bash
[1.171s] -- Symlinking: /home/usuario/Descargas/pymav/install/pymav/share/pymav/local_setup.sh
[1.180s] -- Symlinking: /home/usuario/Descargas/pymav/install/pymav/share/pymav/local_setup.zsh
[1.189s] -- Symlinking: /home/usuario/Descargas/pymav/install/pymav/share/pymav/local_setup.dsv
[1.198s] -- Symlinking: /home/usuario/Descargas/pymav/install/pymav/share/pymav/package.dsv
[1.208s] -- Symlinking: /home/usuario/Descargas/pymav/install/pymav/share/ament_index/resource_index/packages/pymav
[1.218s] -- Symlinking: /home/usuario/Descargas/pymav/install/pymav/share/pymav/cmake/pymavConfig.cmake
[1.227s] -- Symlinking: /home/usuario/Descargas/pymav/install/pymav/share/pymav/cmake/pymavConfig-version.cmake
[1.237s] -- Symlinking: /home/usuario/Descargas/pymav/install/pymav/share/pymav/package.xml
[1.249s] Invoked command in '/home/usuario/Descargas/pymav/build/pymav' returned '0': CMAKE_PREFIX_PATH=${CMAKE_PREFIX_PATH}:/opt/ros/humble /usr/bin/cmake --install /home/usuario/Descargas/pymav/build/pymav
