[0.106s] DEBUG:colcon:Command line arguments: ['/usr/bin/colcon', 'build']
[0.106s] DEBUG:colcon:Parsed command line arguments: Namespace(log_base=None, log_level=None, verb_name='build', build_base='build', install_base='install', merge_install=False, symlink_install=False, test_result_base=None, continue_on_error=False, executor='parallel', parallel_workers=6, event_handlers=None, ignore_user_meta=False, metas=['./colcon.meta'], base_paths=['.'], packages_ignore=None, packages_ignore_regex=None, paths=None, packages_up_to=None, packages_up_to_regex=None, packages_above=None, packages_above_and_dependencies=None, packages_above_depth=None, packages_select_by_dep=None, packages_skip_by_dep=None, packages_skip_up_to=None, packages_select_build_failed=False, packages_skip_build_finished=False, packages_select_test_failures=False, packages_skip_test_passed=False, packages_select=None, packages_skip=None, packages_select_regex=None, packages_skip_regex=None, packages_start=None, packages_end=None, allow_overriding=[], cmake_args=None, cmake_target=None, cmake_target_skip_unavailable=False, cmake_clean_cache=False, cmake_clean_first=False, cmake_force_configure=False, ament_cmake_args=None, catkin_cmake_args=None, catkin_skip_building_tests=False, mixin_files=None, mixin=None, verb_parser=<colcon_mixin.mixin.mixin_argument.MixinArgumentDecorator object at 0x7095a04a2110>, verb_extension=<colcon_core.verb.build.BuildVerb object at 0x7095a04a1b40>, main=<bound method BuildVerb.main of <colcon_core.verb.build.BuildVerb object at 0x7095a04a1b40>>, mixin_verb=('build',))
[0.166s] Level 1:colcon.colcon_core.package_discovery:discover_packages(colcon_meta) check parameters
[0.166s] Level 1:colcon.colcon_core.package_discovery:discover_packages(recursive) check parameters
[0.166s] Level 1:colcon.colcon_core.package_discovery:discover_packages(ignore) check parameters
[0.166s] Level 1:colcon.colcon_core.package_discovery:discover_packages(path) check parameters
[0.166s] Level 1:colcon.colcon_core.package_discovery:discover_packages(colcon_meta) discover
[0.166s] Level 1:colcon.colcon_core.package_discovery:discover_packages(recursive) discover
[0.166s] INFO:colcon.colcon_core.package_discovery:Crawling recursively for packages in '/home/usuario/Documentos/GitHub/pymav'
[0.166s] Level 1:colcon.colcon_core.package_identification:_identify(.) by extensions ['ignore', 'ignore_ament_install']
[0.166s] Level 1:colcon.colcon_core.package_identification:_identify(.) by extension 'ignore'
[0.166s] Level 1:colcon.colcon_core.package_identification:_identify(.) by extension 'ignore_ament_install'
[0.166s] Level 1:colcon.colcon_core.package_identification:_identify(.) by extensions ['colcon_pkg']
[0.166s] Level 1:colcon.colcon_core.package_identification:_identify(.) by extension 'colcon_pkg'
[0.166s] Level 1:colcon.colcon_core.package_identification:_identify(.) by extensions ['colcon_meta']
[0.166s] Level 1:colcon.colcon_core.package_identification:_identify(.) by extension 'colcon_meta'
[0.166s] Level 1:colcon.colcon_core.package_identification:_identify(.) by extensions ['ros']
[0.166s] Level 1:colcon.colcon_core.package_identification:_identify(.) by extension 'ros'
[0.184s] DEBUG:colcon.colcon_core.package_identification:Package '.' with type 'ros.ament_cmake' and name 'pymav'
[0.184s] Level 1:colcon.colcon_core.package_discovery:discover_packages(recursive) using defaults
[0.184s] Level 1:colcon.colcon_core.package_discovery:discover_packages(ignore) discover
[0.184s] Level 1:colcon.colcon_core.package_discovery:discover_packages(ignore) using defaults
[0.184s] Level 1:colcon.colcon_core.package_discovery:discover_packages(path) discover
[0.184s] Level 1:colcon.colcon_core.package_discovery:discover_packages(path) using defaults
[0.200s] Level 1:colcon.colcon_core.package_discovery:discover_packages(prefix_path) check parameters
[0.200s] Level 1:colcon.colcon_core.package_discovery:discover_packages(prefix_path) discover
[0.201s] WARNING:colcon.colcon_ros.prefix_path.ament:The path '/home/usuario/Documentos/GitHub/pymav/install/pymav' in the environment variable AMENT_PREFIX_PATH doesn't exist
[0.201s] WARNING:colcon.colcon_ros.prefix_path.catkin:The path '/home/usuario/Documentos/GitHub/pymav/install/pymav' in the environment variable CMAKE_PREFIX_PATH doesn't exist
[0.203s] DEBUG:colcon.colcon_installed_package_information.package_discovery:Found 0 installed packages in /home/usuario/Documentos/GitHub/pymav/install
[0.204s] DEBUG:colcon.colcon_installed_package_information.package_discovery:Found 456 installed packages in /opt/ros/humble
[0.206s] Level 1:colcon.colcon_core.package_discovery:discover_packages(prefix_path) using defaults
[0.246s] Level 5:colcon.colcon_core.verb:set package 'pymav' build argument 'cmake_args' from command line to 'None'
[0.246s] Level 5:colcon.colcon_core.verb:set package 'pymav' build argument 'cmake_target' from command line to 'None'
[0.246s] Level 5:colcon.colcon_core.verb:set package 'pymav' build argument 'cmake_target_skip_unavailable' from command line to 'False'
[0.246s] Level 5:colcon.colcon_core.verb:set package 'pymav' build argument 'cmake_clean_cache' from command line to 'False'
[0.246s] Level 5:colcon.colcon_core.verb:set package 'pymav' build argument 'cmake_clean_first' from command line to 'False'
[0.246s] Level 5:colcon.colcon_core.verb:set package 'pymav' build argument 'cmake_force_configure' from command line to 'False'
[0.246s] Level 5:colcon.colcon_core.verb:set package 'pymav' build argument 'ament_cmake_args' from command line to 'None'
[0.246s] Level 5:colcon.colcon_core.verb:set package 'pymav' build argument 'catkin_cmake_args' from command line to 'None'
[0.246s] Level 5:colcon.colcon_core.verb:set package 'pymav' build argument 'catkin_skip_building_tests' from command line to 'False'
[0.246s] DEBUG:colcon.colcon_core.verb:Building package 'pymav' with the following arguments: {'ament_cmake_args': None, 'build_base': '/home/usuario/Documentos/GitHub/pymav/build/pymav', 'catkin_cmake_args': None, 'catkin_skip_building_tests': False, 'cmake_args': None, 'cmake_clean_cache': False, 'cmake_clean_first': False, 'cmake_force_configure': False, 'cmake_target': None, 'cmake_target_skip_unavailable': False, 'install_base': '/home/usuario/Documentos/GitHub/pymav/install/pymav', 'merge_install': False, 'path': '/home/usuario/Documentos/GitHub/pymav', 'symlink_install': False, 'test_result_base': None}
[0.246s] INFO:colcon.colcon_core.executor:Executing jobs using 'parallel' executor
[0.247s] DEBUG:colcon.colcon_parallel_executor.executor.parallel:run_until_complete
[0.247s] INFO:colcon.colcon_ros.task.ament_cmake.build:Building ROS package in '/home/usuario/Documentos/GitHub/pymav' with build type 'ament_cmake'
[0.247s] INFO:colcon.colcon_cmake.task.cmake.build:Building CMake package in '/home/usuario/Documentos/GitHub/pymav'
[0.249s] INFO:colcon.colcon_core.plugin_system:Skipping extension 'colcon_core.shell.bat': Not used on non-Windows systems
[0.249s] INFO:colcon.colcon_core.shell:Skip shell extension 'powershell' for command environment: Not usable outside of PowerShell
[0.249s] DEBUG:colcon.colcon_core.shell:Skip shell extension 'dsv' for command environment
[0.258s] DEBUG:colcon.colcon_core.event_handler.log_command:Invoking command in '/home/usuario/Documentos/GitHub/pymav/build/pymav': CMAKE_PREFIX_PATH=${CMAKE_PREFIX_PATH}:/opt/ros/humble /usr/bin/cmake /home/usuario/Documentos/GitHub/pymav -DCMAKE_INSTALL_PREFIX=/home/usuario/Documentos/GitHub/pymav/install/pymav
[1.231s] DEBUG:colcon.colcon_core.event_handler.log_command:Invoked command in '/home/usuario/Documentos/GitHub/pymav/build/pymav' returned '0': CMAKE_PREFIX_PATH=${CMAKE_PREFIX_PATH}:/opt/ros/humble /usr/bin/cmake /home/usuario/Documentos/GitHub/pymav -DCMAKE_INSTALL_PREFIX=/home/usuario/Documentos/GitHub/pymav/install/pymav
[1.232s] DEBUG:colcon.colcon_core.event_handler.log_command:Invoking command in '/home/usuario/Documentos/GitHub/pymav/build/pymav': CMAKE_PREFIX_PATH=${CMAKE_PREFIX_PATH}:/opt/ros/humble /usr/bin/cmake --build /home/usuario/Documentos/GitHub/pymav/build/pymav -- -j6 -l6
[1.271s] DEBUG:colcon.colcon_core.event_handler.log_command:Invoked command in '/home/usuario/Documentos/GitHub/pymav/build/pymav' returned '0': CMAKE_PREFIX_PATH=${CMAKE_PREFIX_PATH}:/opt/ros/humble /usr/bin/cmake --build /home/usuario/Documentos/GitHub/pymav/build/pymav -- -j6 -l6
[1.282s] DEBUG:colcon.colcon_core.event_handler.log_command:Invoking command in '/home/usuario/Documentos/GitHub/pymav/build/pymav': CMAKE_PREFIX_PATH=${CMAKE_PREFIX_PATH}:/opt/ros/humble /usr/bin/cmake --install /home/usuario/Documentos/GitHub/pymav/build/pymav
[1.302s] Level 1:colcon.colcon_core.environment:create_environment_scripts_only(pymav)
[1.302s] DEBUG:colcon.colcon_core.event_handler.log_command:Invoked command in '/home/usuario/Documentos/GitHub/pymav/build/pymav' returned '0': CMAKE_PREFIX_PATH=${CMAKE_PREFIX_PATH}:/opt/ros/humble /usr/bin/cmake --install /home/usuario/Documentos/GitHub/pymav/build/pymav
[1.311s] Level 1:colcon.colcon_core.environment:checking '/home/usuario/Documentos/GitHub/pymav/install/pymav' for CMake module files
[1.312s] Level 1:colcon.colcon_core.environment:checking '/home/usuario/Documentos/GitHub/pymav/install/pymav' for CMake config files
[1.312s] Level 1:colcon.colcon_core.shell:create_environment_hook('pymav', 'cmake_prefix_path')
[1.312s] INFO:colcon.colcon_core.shell:Creating environment hook '/home/usuario/Documentos/GitHub/pymav/install/pymav/share/pymav/hook/cmake_prefix_path.ps1'
[1.312s] INFO:colcon.colcon_core.shell:Creating environment descriptor '/home/usuario/Documentos/GitHub/pymav/install/pymav/share/pymav/hook/cmake_prefix_path.dsv'
[1.313s] INFO:colcon.colcon_core.shell:Creating environment hook '/home/usuario/Documentos/GitHub/pymav/install/pymav/share/pymav/hook/cmake_prefix_path.sh'
[1.314s] Level 1:colcon.colcon_core.environment:checking '/home/usuario/Documentos/GitHub/pymav/install/pymav/lib'
[1.314s] Level 1:colcon.colcon_core.environment:checking '/home/usuario/Documentos/GitHub/pymav/install/pymav/bin'
[1.314s] Level 1:colcon.colcon_core.environment:checking '/home/usuario/Documentos/GitHub/pymav/install/pymav/lib/pkgconfig/pymav.pc'
[1.314s] Level 1:colcon.colcon_core.environment:checking '/home/usuario/Documentos/GitHub/pymav/install/pymav/lib/python3.10/site-packages'
[1.314s] Level 1:colcon.colcon_core.environment:checking '/home/usuario/Documentos/GitHub/pymav/install/pymav/bin'
[1.315s] INFO:colcon.colcon_core.shell:Creating package script '/home/usuario/Documentos/GitHub/pymav/install/pymav/share/pymav/package.ps1'
[1.315s] INFO:colcon.colcon_core.shell:Creating package descriptor '/home/usuario/Documentos/GitHub/pymav/install/pymav/share/pymav/package.dsv'
[1.316s] INFO:colcon.colcon_core.shell:Creating package script '/home/usuario/Documentos/GitHub/pymav/install/pymav/share/pymav/package.sh'
[1.316s] INFO:colcon.colcon_core.shell:Creating package script '/home/usuario/Documentos/GitHub/pymav/install/pymav/share/pymav/package.bash'
[1.317s] INFO:colcon.colcon_core.shell:Creating package script '/home/usuario/Documentos/GitHub/pymav/install/pymav/share/pymav/package.zsh'
[1.317s] Level 1:colcon.colcon_core.environment:create_file_with_runtime_dependencies(/home/usuario/Documentos/GitHub/pymav/install/pymav/share/colcon-core/packages/pymav)
[1.319s] Level 1:colcon.colcon_core.environment:create_environment_scripts_only(pymav)
[1.319s] Level 1:colcon.colcon_core.environment:checking '/home/usuario/Documentos/GitHub/pymav/install/pymav' for CMake module files
[1.319s] Level 1:colcon.colcon_core.environment:checking '/home/usuario/Documentos/GitHub/pymav/install/pymav' for CMake config files
[1.319s] Level 1:colcon.colcon_core.shell:create_environment_hook('pymav', 'cmake_prefix_path')
[1.320s] INFO:colcon.colcon_core.shell:Creating environment hook '/home/usuario/Documentos/GitHub/pymav/install/pymav/share/pymav/hook/cmake_prefix_path.ps1'
[1.320s] INFO:colcon.colcon_core.shell:Creating environment descriptor '/home/usuario/Documentos/GitHub/pymav/install/pymav/share/pymav/hook/cmake_prefix_path.dsv'
[1.321s] INFO:colcon.colcon_core.shell:Creating environment hook '/home/usuario/Documentos/GitHub/pymav/install/pymav/share/pymav/hook/cmake_prefix_path.sh'
[1.321s] Level 1:colcon.colcon_core.environment:checking '/home/usuario/Documentos/GitHub/pymav/install/pymav/lib'
[1.321s] Level 1:colcon.colcon_core.environment:checking '/home/usuario/Documentos/GitHub/pymav/install/pymav/bin'
[1.321s] Level 1:colcon.colcon_core.environment:checking '/home/usuario/Documentos/GitHub/pymav/install/pymav/lib/pkgconfig/pymav.pc'
[1.321s] Level 1:colcon.colcon_core.environment:checking '/home/usuario/Documentos/GitHub/pymav/install/pymav/lib/python3.10/site-packages'
[1.322s] Level 1:colcon.colcon_core.environment:checking '/home/usuario/Documentos/GitHub/pymav/install/pymav/bin'
[1.322s] INFO:colcon.colcon_core.shell:Creating package script '/home/usuario/Documentos/GitHub/pymav/install/pymav/share/pymav/package.ps1'
[1.322s] INFO:colcon.colcon_core.shell:Creating package descriptor '/home/usuario/Documentos/GitHub/pymav/install/pymav/share/pymav/package.dsv'
[1.322s] INFO:colcon.colcon_core.shell:Creating package script '/home/usuario/Documentos/GitHub/pymav/install/pymav/share/pymav/package.sh'
[1.323s] INFO:colcon.colcon_core.shell:Creating package script '/home/usuario/Documentos/GitHub/pymav/install/pymav/share/pymav/package.bash'
[1.323s] INFO:colcon.colcon_core.shell:Creating package script '/home/usuario/Documentos/GitHub/pymav/install/pymav/share/pymav/package.zsh'
[1.323s] Level 1:colcon.colcon_core.environment:create_file_with_runtime_dependencies(/home/usuario/Documentos/GitHub/pymav/install/pymav/share/colcon-core/packages/pymav)
[1.324s] DEBUG:colcon.colcon_parallel_executor.executor.parallel:closing loop
[1.324s] DEBUG:colcon.colcon_parallel_executor.executor.parallel:loop closed
[1.324s] DEBUG:colcon.colcon_parallel_executor.executor.parallel:run_until_complete finished with '0'
[1.324s] DEBUG:colcon.colcon_core.event_reactor:joining thread
[1.329s] INFO:colcon.colcon_core.plugin_system:Skipping extension 'colcon_notification.desktop_notification.terminal_notifier': Not used on non-Darwin systems
[1.329s] INFO:colcon.colcon_core.plugin_system:Skipping extension 'colcon_notification.desktop_notification.win32': Not used on non-Windows systems
[1.329s] INFO:colcon.colcon_notification.desktop_notification:Sending desktop notification using 'notify2'
[1.336s] DEBUG:colcon.colcon_core.event_reactor:joined thread
[1.336s] INFO:colcon.colcon_core.shell:Creating prefix script '/home/usuario/Documentos/GitHub/pymav/install/local_setup.ps1'
[1.337s] INFO:colcon.colcon_core.shell:Creating prefix util module '/home/usuario/Documentos/GitHub/pymav/install/_local_setup_util_ps1.py'
[1.338s] INFO:colcon.colcon_core.shell:Creating prefix chain script '/home/usuario/Documentos/GitHub/pymav/install/setup.ps1'
[1.339s] INFO:colcon.colcon_core.shell:Creating prefix script '/home/usuario/Documentos/GitHub/pymav/install/local_setup.sh'
[1.340s] INFO:colcon.colcon_core.shell:Creating prefix util module '/home/usuario/Documentos/GitHub/pymav/install/_local_setup_util_sh.py'
[1.340s] INFO:colcon.colcon_core.shell:Creating prefix chain script '/home/usuario/Documentos/GitHub/pymav/install/setup.sh'
[1.342s] INFO:colcon.colcon_core.shell:Creating prefix script '/home/usuario/Documentos/GitHub/pymav/install/local_setup.bash'
[1.342s] INFO:colcon.colcon_core.shell:Creating prefix chain script '/home/usuario/Documentos/GitHub/pymav/install/setup.bash'
[1.343s] INFO:colcon.colcon_core.shell:Creating prefix script '/home/usuario/Documentos/GitHub/pymav/install/local_setup.zsh'
[1.344s] INFO:colcon.colcon_core.shell:Creating prefix chain script '/home/usuario/Documentos/GitHub/pymav/install/setup.zsh'
