[0.015s] Invoking command in '/home/usuario/Descargas/pymav/build/pymav': CMAKE_PREFIX_PATH=${CMAKE_PREFIX_PATH}:/opt/ros/humble /usr/bin/cmake --build /home/usuario/Descargas/pymav/build/pymav -- -j6 -l6
[0.056s] Invoked command in '/home/usuario/Descargas/pymav/build/pymav' returned '0': CMAKE_PREFIX_PATH=${CMAKE_PREFIX_PATH}:/opt/ros/humble /usr/bin/cmake --build /home/usuario/Descargas/pymav/build/pymav -- -j6 -l6
[0.067s] Invoking command in '/home/usuario/Descargas/pymav/build/pymav': CMAKE_PREFIX_PATH=${CMAKE_PREFIX_PATH}:/opt/ros/humble /usr/bin/cmake --install /home/usuario/Descargas/pymav/build/pymav
[0.075s] -- Install configuration: ""
[0.076s] -- Execute custom install script
[0.076s] -- Up-to-date symlink: /home/usuario/Descargas/pymav/install/pymav/lib/pymav/mission_control_node.py
[0.077s] -- Up-to-date symlink: /home/usuario/Descargas/pymav/install/pymav/lib/pymav/battery_gps_node.py
[0.077s] -- Up-to-date symlink: /home/usuario/Descargas/pymav/install/pymav/share/ament_index/resource_index/package_run_dependencies/pymav
[0.077s] -- Up-to-date symlink: /home/usuario/Descargas/pymav/install/pymav/share/ament_index/resource_index/parent_prefix_path/pymav
[0.077s] -- Up-to-date symlink: /home/usuario/Descargas/pymav/install/pymav/share/pymav/environment/ament_prefix_path.sh
[0.078s] -- Up-to-date symlink: /home/usuario/Descargas/pymav/install/pymav/share/pymav/environment/ament_prefix_path.dsv
[0.078s] -- Up-to-date symlink: /home/usuario/Descargas/pymav/install/pymav/share/pymav/environment/path.sh
[0.078s] -- Up-to-date symlink: /home/usuario/Descargas/pymav/install/pymav/share/pymav/environment/path.dsv
[0.078s] -- Up-to-date symlink: /home/usuario/Descargas/pymav/install/pymav/share/pymav/local_setup.bash
[0.079s] -- Up-to-date symlink: /home/usuario/Descargas/pymav/install/pymav/share/pymav/local_setup.sh
[0.079s] -- Up-to-date symlink: /home/usuario/Descargas/pymav/install/pymav/share/pymav/local_setup.zsh
[0.079s] -- Up-to-date symlink: /home/usuario/Descargas/pymav/install/pymav/share/pymav/local_setup.dsv
[0.079s] -- Symlinking: /home/usuario/Descargas/pymav/install/pymav/share/pymav/package.dsv
[0.088s] -- Up-to-date symlink: /home/usuario/Descargas/pymav/install/pymav/share/ament_index/resource_index/packages/pymav
[0.088s] -- Up-to-date symlink: /home/usuario/Descargas/pymav/install/pymav/share/pymav/cmake/pymavConfig.cmake
[0.088s] -- Up-to-date symlink: /home/usuario/Descargas/pymav/install/pymav/share/pymav/cmake/pymavConfig-version.cmake
[0.089s] -- Up-to-date symlink: /home/usuario/Descargas/pymav/install/pymav/share/pymav/package.xml
[0.091s] Invoked command in '/home/usuario/Descargas/pymav/build/pymav' returned '0': CMAKE_PREFIX_PATH=${CMAKE_PREFIX_PATH}:/opt/ros/humble /usr/bin/cmake --install /home/usuario/Descargas/pymav/build/pymav
