[0.009s] Invoking command in '/home/usuario/Descargas/pymav/build/pymav': CMAKE_PREFIX_PATH=/opt/ros/humble /usr/bin/cmake /home/usuario/Descargas/pymav -DCMAKE_INSTALL_PREFIX=/home/usuario/Descargas/pymav/install/pymav
[0.064s] -- The C compiler identification is GNU 10.5.0
[0.117s] -- The CXX compiler identification is GNU 10.5.0
[0.123s] -- Detecting C compiler ABI info
[0.202s] -- Detecting C compiler ABI info - done
[0.207s] -- Check for working C compiler: /usr/bin/cc - skipped
[0.207s] -- Detecting C compile features
[0.208s] -- Detecting C compile features - done
[0.210s] -- Detecting CXX compiler ABI info
[0.297s] -- Detecting CXX compiler ABI info - done
[0.302s] -- Check for working CXX compiler: /usr/bin/c++ - skipped
[0.302s] -- Detecting CXX compile features
[0.303s] -- Detecting CXX compile features - done
[0.305s] -- Found ament_cmake: 1.3.11 (/opt/ros/humble/share/ament_cmake/cmake)
[0.647s] -- Found Python3: /usr/bin/python3 (found version "3.10.12") found components: Interpreter 
[0.725s] -- Found rclpy: 3.3.15 (/opt/ros/humble/share/rclpy/cmake)
[0.726s] -- Found geometry_msgs: 4.2.4 (/opt/ros/humble/share/geometry_msgs/cmake)
[0.763s] -- Found rosidl_generator_c: 3.1.6 (/opt/ros/humble/share/rosidl_generator_c/cmake)
[0.768s] -- Found rosidl_adapter: 3.1.6 (/opt/ros/humble/share/rosidl_adapter/cmake)
[0.775s] -- Found rosidl_generator_cpp: 3.1.6 (/opt/ros/humble/share/rosidl_generator_cpp/cmake)
[0.785s] -- Using all available rosidl_typesupport_c: rosidl_typesupport_fastrtps_c;rosidl_typesupport_introspection_c
[0.798s] -- Using all available rosidl_typesupport_cpp: rosidl_typesupport_fastrtps_cpp;rosidl_typesupport_introspection_cpp
[0.828s] -- Found ament_lint_auto: 0.12.11 (/opt/ros/humble/share/ament_lint_auto/cmake)
[0.911s] -- Added test 'cppcheck' to perform static code analysis on C / C++ code
[0.911s] -- Configured cppcheck include dirs: 
[0.911s] -- Configured cppcheck exclude dirs and/or files: 
[0.912s] -- Added test 'flake8' to check Python code syntax and style conventions
[0.914s] -- Added test 'lint_cmake' to check CMake code style
[0.915s] -- Added test 'pep257' to check Python code against some of the docstring style conventions in PEP 257
[0.923s] -- Added test 'uncrustify' to check C / C++ code style
[0.923s] -- Configured uncrustify additional arguments: 
[0.924s] -- Added test 'xmllint' to check XML markup files
[0.928s] -- Configuring done
[0.933s] -- Generating done
[0.935s] -- Build files have been written to: /home/usuario/Descargas/pymav/build/pymav
[0.942s] Invoked command in '/home/usuario/Descargas/pymav/build/pymav' returned '0': CMAKE_PREFIX_PATH=/opt/ros/humble /usr/bin/cmake /home/usuario/Descargas/pymav -DCMAKE_INSTALL_PREFIX=/home/usuario/Descargas/pymav/install/pymav
[0.943s] Invoking command in '/home/usuario/Descargas/pymav/build/pymav': CMAKE_PREFIX_PATH=/opt/ros/humble /usr/bin/cmake --build /home/usuario/Descargas/pymav/build/pymav -- -j6 -l6
[0.981s] Invoked command in '/home/usuario/Descargas/pymav/build/pymav' returned '0': CMAKE_PREFIX_PATH=/opt/ros/humble /usr/bin/cmake --build /home/usuario/Descargas/pymav/build/pymav -- -j6 -l6
[0.991s] Invoking command in '/home/usuario/Descargas/pymav/build/pymav': CMAKE_PREFIX_PATH=/opt/ros/humble /usr/bin/cmake --install /home/usuario/Descargas/pymav/build/pymav
[0.998s] -- Install configuration: ""
[0.998s] [31mCMake Error at cmake_install.cmake:46 (file):
[0.998s]   file INSTALL cannot find
[0.998s]   "/home/usuario/Descargas/pymav/src/pymav/mission_control_node.py": No such
[0.998s]   file or directory.
[0.998s] 
[0.998s] [0m
[0.999s] Invoked command in '/home/usuario/Descargas/pymav/build/pymav' returned '1': CMAKE_PREFIX_PATH=/opt/ros/humble /usr/bin/cmake --install /home/usuario/Descargas/pymav/build/pymav
