[0.013s] Invoking command in '/home/usuario/Documentos/GitHub/pymav/build/pymav': /usr/bin/cmake /home/usuario/Documentos/GitHub/pymav -DCMAKE_INSTALL_PREFIX=/home/usuario/Documentos/GitHub/pymav/install/pymav
[0.097s] -- The C compiler identification is GNU 10.5.0
[0.153s] -- The CXX compiler identification is GNU 10.5.0
[0.165s] -- Detecting C compiler ABI info
[0.246s] -- Detecting C compiler ABI info - done
[0.251s] -- Check for working C compiler: /usr/bin/cc - skipped
[0.252s] -- Detecting C compile features
[0.252s] -- Detecting C compile features - done
[0.256s] -- Detecting CXX compiler ABI info
[0.341s] -- Detecting CXX compiler ABI info - done
[0.346s] -- Check for working CXX compiler: /usr/bin/c++ - skipped
[0.347s] -- Detecting CXX compile features
[0.347s] -- Detecting CXX compile features - done
[0.364s] [31mCMake Error at CMakeLists.txt:5 (find_package):
[0.365s]   By not providing "Findament_cmake.cmake" in CMAKE_MODULE_PATH this project
[0.365s]   has asked CMake to find a package configuration file provided by
[0.365s]   "ament_cmake", but CMake did not find one.
[0.365s] 
[0.365s]   Could not find a package configuration file provided by "ament_cmake" with
[0.365s]   any of the following names:
[0.365s] 
[0.365s]     ament_cmakeConfig.cmake
[0.365s]     ament_cmake-config.cmake
[0.365s] 
[0.365s]   Add the installation prefix of "ament_cmake" to CMAKE_PREFIX_PATH or set
[0.365s]   "ament_cmake_DIR" to a directory containing one of the above files.  If
[0.365s]   "ament_cmake" provides a separate development package or SDK, be sure it
[0.365s]   has been installed.
[0.365s] 
[0.365s] [0m
[0.366s] -- Configuring incomplete, errors occurred!
[0.366s] See also "/home/usuario/Documentos/GitHub/pymav/build/pymav/CMakeFiles/CMakeOutput.log".
[0.368s] Invoked command in '/home/usuario/Documentos/GitHub/pymav/build/pymav' returned '1': /usr/bin/cmake /home/usuario/Documentos/GitHub/pymav -DCMAKE_INSTALL_PREFIX=/home/usuario/Documentos/GitHub/pymav/install/pymav
