[0.013s] Invoking command in '/home/usuario/Descargas/pymav/build/pymav': CMAKE_PREFIX_PATH=/opt/ros/humble /usr/bin/cmake /home/usuario/Descargas/pymav -DCMAKE_INSTALL_PREFIX=/home/usuario/Descargas/pymav/install/pymav
[0.104s] -- The C compiler identification is GNU 10.5.0
[0.163s] -- The CXX compiler identification is GNU 10.5.0
[0.177s] -- Detecting C compiler ABI info
[0.261s] -- Detecting C compiler ABI info - done
[0.268s] -- Check for working C compiler: /usr/bin/cc - skipped
[0.268s] -- Detecting C compile features
[0.269s] -- Detecting C compile features - done
[0.274s] -- Detecting CXX compiler ABI info
[0.364s] -- Detecting CXX compiler ABI info - done
[0.370s] -- Check for working CXX compiler: /usr/bin/c++ - skipped
[0.371s] -- Detecting CXX compile features
[0.371s] -- Detecting CXX compile features - done
[0.376s] -- Found ament_cmake: 1.3.11 (/opt/ros/humble/share/ament_cmake/cmake)
[0.738s] -- Found Python3: /usr/bin/python3 (found version "3.10.12") found components: Interpreter 
[0.841s] -- Found ament_lint_auto: 0.12.11 (/opt/ros/humble/share/ament_lint_auto/cmake)
[0.931s] -- Added test 'cppcheck' to perform static code analysis on C / C++ code
[0.931s] -- Configured cppcheck include dirs: 
[0.932s] -- Configured cppcheck exclude dirs and/or files: 
[0.933s] -- Added test 'flake8' to check Python code syntax and style conventions
[0.934s] -- Added test 'lint_cmake' to check CMake code style
[0.936s] -- Added test 'pep257' to check Python code against some of the docstring style conventions in PEP 257
[0.942s] -- Added test 'uncrustify' to check C / C++ code style
[0.942s] -- Configured uncrustify additional arguments: 
[0.943s] -- Added test 'xmllint' to check XML markup files
[0.948s] -- Configuring done
[0.953s] -- Generating done
[0.960s] -- Build files have been written to: /home/usuario/Descargas/pymav/build/pymav
[0.963s] Invoked command in '/home/usuario/Descargas/pymav/build/pymav' returned '0': CMAKE_PREFIX_PATH=/opt/ros/humble /usr/bin/cmake /home/usuario/Descargas/pymav -DCMAKE_INSTALL_PREFIX=/home/usuario/Descargas/pymav/install/pymav
[0.966s] Invoking command in '/home/usuario/Descargas/pymav/build/pymav': CMAKE_PREFIX_PATH=/opt/ros/humble /usr/bin/cmake --build /home/usuario/Descargas/pymav/build/pymav -- -j6 -l6
[1.011s] Invoked command in '/home/usuario/Descargas/pymav/build/pymav' returned '0': CMAKE_PREFIX_PATH=/opt/ros/humble /usr/bin/cmake --build /home/usuario/Descargas/pymav/build/pymav -- -j6 -l6
[1.022s] Invoking command in '/home/usuario/Descargas/pymav/build/pymav': CMAKE_PREFIX_PATH=/opt/ros/humble /usr/bin/cmake --install /home/usuario/Descargas/pymav/build/pymav
[1.030s] -- Install configuration: ""
[1.031s] -- Installing: /home/usuario/Descargas/pymav/install/pymav/share/ament_index/resource_index/package_run_dependencies/pymav
[1.032s] -- Installing: /home/usuario/Descargas/pymav/install/pymav/share/ament_index/resource_index/parent_prefix_path/pymav
[1.032s] -- Installing: /home/usuario/Descargas/pymav/install/pymav/share/pymav/environment/ament_prefix_path.sh
[1.033s] -- Installing: /home/usuario/Descargas/pymav/install/pymav/share/pymav/environment/ament_prefix_path.dsv
[1.034s] -- Installing: /home/usuario/Descargas/pymav/install/pymav/share/pymav/environment/path.sh
[1.034s] -- Installing: /home/usuario/Descargas/pymav/install/pymav/share/pymav/environment/path.dsv
[1.035s] -- Installing: /home/usuario/Descargas/pymav/install/pymav/share/pymav/local_setup.bash
[1.036s] -- Installing: /home/usuario/Descargas/pymav/install/pymav/share/pymav/local_setup.sh
[1.038s] -- Installing: /home/usuario/Descargas/pymav/install/pymav/share/pymav/local_setup.zsh
[1.039s] -- Installing: /home/usuario/Descargas/pymav/install/pymav/share/pymav/local_setup.dsv
[1.040s] -- Installing: /home/usuario/Descargas/pymav/install/pymav/share/pymav/package.dsv
[1.041s] -- Installing: /home/usuario/Descargas/pymav/install/pymav/share/ament_index/resource_index/packages/pymav
[1.042s] -- Installing: /home/usuario/Descargas/pymav/install/pymav/share/pymav/cmake/pymavConfig.cmake
[1.042s] -- Installing: /home/usuario/Descargas/pymav/install/pymav/share/pymav/cmake/pymavConfig-version.cmake
[1.043s] -- Installing: /home/usuario/Descargas/pymav/install/pymav/share/pymav/package.xml
[1.046s] Invoked command in '/home/usuario/Descargas/pymav/build/pymav' returned '0': CMAKE_PREFIX_PATH=/opt/ros/humble /usr/bin/cmake --install /home/usuario/Descargas/pymav/build/pymav
