[0.012s] Invoking command in '/home/usuario/Documentos/GitHub/pymav/build/pymav': CMAKE_PREFIX_PATH=${CMAKE_PREFIX_PATH}:/opt/ros/humble /usr/bin/cmake --build /home/usuario/Documentos/GitHub/pymav/build/pymav -- -j6 -l6
[0.051s] Invoked command in '/home/usuario/Documentos/GitHub/pymav/build/pymav' returned '0': CMAKE_PREFIX_PATH=${CMAKE_PREFIX_PATH}:/opt/ros/humble /usr/bin/cmake --build /home/usuario/Documentos/GitHub/pymav/build/pymav -- -j6 -l6
[0.062s] Invoking command in '/home/usuario/Documentos/GitHub/pymav/build/pymav': CMAKE_PREFIX_PATH=${CMAKE_PREFIX_PATH}:/opt/ros/humble /usr/bin/cmake --install /home/usuario/Documentos/GitHub/pymav/build/pymav
[0.070s] -- Install configuration: ""
[0.070s] -- Up-to-date: /home/usuario/Documentos/GitHub/pymav/install/pymav/lib/pymav/mission_control_node.py
[0.070s] -- Up-to-date: /home/usuario/Documentos/GitHub/pymav/install/pymav/lib/pymav/battery_gps_node.py
[0.070s] -- Up-to-date: /home/usuario/Documentos/GitHub/pymav/install/pymav/share/ament_index/resource_index/package_run_dependencies/pymav
[0.070s] -- Up-to-date: /home/usuario/Documentos/GitHub/pymav/install/pymav/share/ament_index/resource_index/parent_prefix_path/pymav
[0.070s] -- Up-to-date: /home/usuario/Documentos/GitHub/pymav/install/pymav/share/pymav/environment/ament_prefix_path.sh
[0.070s] -- Up-to-date: /home/usuario/Documentos/GitHub/pymav/install/pymav/share/pymav/environment/ament_prefix_path.dsv
[0.070s] -- Up-to-date: /home/usuario/Documentos/GitHub/pymav/install/pymav/share/pymav/environment/path.sh
[0.070s] -- Up-to-date: /home/usuario/Documentos/GitHub/pymav/install/pymav/share/pymav/environment/path.dsv
[0.070s] -- Up-to-date: /home/usuario/Documentos/GitHub/pymav/install/pymav/share/pymav/local_setup.bash
[0.070s] -- Up-to-date: /home/usuario/Documentos/GitHub/pymav/install/pymav/share/pymav/local_setup.sh
[0.070s] -- Up-to-date: /home/usuario/Documentos/GitHub/pymav/install/pymav/share/pymav/local_setup.zsh
[0.071s] -- Up-to-date: /home/usuario/Documentos/GitHub/pymav/install/pymav/share/pymav/local_setup.dsv
[0.071s] -- Installing: /home/usuario/Documentos/GitHub/pymav/install/pymav/share/pymav/package.dsv
[0.071s] -- Up-to-date: /home/usuario/Documentos/GitHub/pymav/install/pymav/share/ament_index/resource_index/packages/pymav
[0.071s] -- Up-to-date: /home/usuario/Documentos/GitHub/pymav/install/pymav/share/pymav/cmake/pymavConfig.cmake
[0.071s] -- Up-to-date: /home/usuario/Documentos/GitHub/pymav/install/pymav/share/pymav/cmake/pymavConfig-version.cmake
[0.071s] -- Up-to-date: /home/usuario/Documentos/GitHub/pymav/install/pymav/share/pymav/package.xml
[0.073s] Invoked command in '/home/usuario/Documentos/GitHub/pymav/build/pymav' returned '0': CMAKE_PREFIX_PATH=${CMAKE_PREFIX_PATH}:/opt/ros/humble /usr/bin/cmake --install /home/usuario/Documentos/GitHub/pymav/build/pymav
